Sun Nov 26 2017 19:19:12 GMT-0500 (EST): / GET
Sun Nov 26 2017 19:19:13 GMT-0500 (EST): /stylesheets/frontpagestyle.css GET
Sun Nov 26 2017 19:19:13 GMT-0500 (EST): /images/logoWhiteCrisp.png GET
Sun Nov 26 2017 19:19:13 GMT-0500 (EST): /images/logoutWhite.png GET
Sun Nov 26 2017 19:19:13 GMT-0500 (EST): /images/natureBackground.jpeg GET
Sun Nov 26 2017 19:19:22 GMT-0500 (EST): /loginForm POST
Sun Nov 26 2017 19:19:22 GMT-0500 (EST): /stylesheets/frontpagestyle.css GET
Sun Nov 26 2017 19:19:22 GMT-0500 (EST): /images/logoWhiteCrisp.png GET
Sun Nov 26 2017 19:19:22 GMT-0500 (EST): /images/logoutWhite.png GET
Sun Nov 26 2017 19:19:22 GMT-0500 (EST): /images/natureBackground.jpeg GET
Sun Nov 26 2017 19:19:39 GMT-0500 (EST): /loginForm POST
Sun Nov 26 2017 19:19:39 GMT-0500 (EST): /stylesheets/frontpagestyle.css GET
Sun Nov 26 2017 19:19:39 GMT-0500 (EST): /images/logoWhiteCrisp.png GET
Sun Nov 26 2017 19:19:39 GMT-0500 (EST): /images/logoutWhite.png GET
Sun Nov 26 2017 19:19:40 GMT-0500 (EST): /images/natureBackground.jpeg GET
Sun Nov 26 2017 19:20:48 GMT-0500 (EST): /loginForm POST
Sun Nov 26 2017 19:20:49 GMT-0500 (EST): /stylesheets/frontpagestyle.css GET
Sun Nov 26 2017 19:20:50 GMT-0500 (EST): /images/logoWhiteCrisp.png GET
Sun Nov 26 2017 19:20:50 GMT-0500 (EST): /images/logoutWhite.png GET
Sun Nov 26 2017 19:20:50 GMT-0500 (EST): /images/natureBackground.jpeg GET
Sun Nov 26 2017 19:21:00 GMT-0500 (EST): /loginForm POST
Sun Nov 26 2017 19:21:01 GMT-0500 (EST): /stylesheets/frontpagestyle.css GET
Sun Nov 26 2017 19:21:01 GMT-0500 (EST): /images/logoWhiteCrisp.png GET
Sun Nov 26 2017 19:21:01 GMT-0500 (EST): /images/logoutWhite.png GET
Sun Nov 26 2017 19:21:01 GMT-0500 (EST): /images/natureBackground.jpeg GET
Sun Nov 26 2017 19:21:22 GMT-0500 (EST): /loginForm POST
Sun Nov 26 2017 19:21:22 GMT-0500 (EST): /stylesheets/style.css GET
Sun Nov 26 2017 19:21:22 GMT-0500 (EST): /js/flow.js GET
Sun Nov 26 2017 19:21:22 GMT-0500 (EST): /images/logoWhiteCrisp.png GET
Sun Nov 26 2017 19:21:22 GMT-0500 (EST): /images/logoutWhite.png GET
Sun Nov 26 2017 19:21:22 GMT-0500 (EST): /images/doggoTealFilled.png GET
Sun Nov 26 2017 19:21:22 GMT-0500 (EST): /images/iconKid.svg GET
Sun Nov 26 2017 19:21:23 GMT-0500 (EST): /images/natureBackground.jpeg GET
Sun Nov 26 2017 19:21:23 GMT-0500 (EST): /images/thoughtBubble.png GET
Sun Nov 26 2017 19:21:33 GMT-0500 (EST): / GET
Sun Nov 26 2017 19:21:33 GMT-0500 (EST): /stylesheets/frontpagestyle.css GET
Sun Nov 26 2017 19:21:33 GMT-0500 (EST): /images/logoWhiteCrisp.png GET
Sun Nov 26 2017 19:21:33 GMT-0500 (EST): /images/logoutWhite.png GET
Sun Nov 26 2017 19:21:34 GMT-0500 (EST): /images/natureBackground.jpeg GET
Sun Dec 03 2017 22:42:33 GMT-0500 (EST): / GET
Sun Dec 03 2017 22:42:33 GMT-0500 (EST): /stylesheets/frontpagestyle.css GET
Sun Dec 03 2017 22:42:33 GMT-0500 (EST): /images/logoWhiteCrisp.png GET
Sun Dec 03 2017 22:42:33 GMT-0500 (EST): /images/logoutWhite.png GET
Sun Dec 03 2017 22:42:33 GMT-0500 (EST): /images/natureBackground.jpeg GET
Sun Dec 03 2017 22:42:33 GMT-0500 (EST): /images/favicons.ico/favicon-32x32.png GET
Sun Dec 03 2017 22:42:33 GMT-0500 (EST): /images/favicons.ico/favicon-16x16.png GET
Sun Dec 03 2017 22:42:33 GMT-0500 (EST): /images/favicons.ico/favicon-96x96.png GET
Sun Dec 03 2017 22:42:33 GMT-0500 (EST): /images/favicons.ico/android-icon-192x192.png GET
Sun Dec 03 2017 22:42:48 GMT-0500 (EST): /loginForm POST
Sun Dec 03 2017 22:42:48 GMT-0500 (EST): /stylesheets/frontpagestyle.css GET
Sun Dec 03 2017 22:42:48 GMT-0500 (EST): /images/logoWhiteCrisp.png GET
Sun Dec 03 2017 22:42:48 GMT-0500 (EST): /images/logoutWhite.png GET
Sun Dec 03 2017 22:42:48 GMT-0500 (EST): /images/natureBackground.jpeg GET
Sun Dec 03 2017 22:43:07 GMT-0500 (EST): /loginForm POST
Sun Dec 03 2017 22:43:08 GMT-0500 (EST): /stylesheets/frontpagestyle.css GET
Sun Dec 03 2017 22:43:08 GMT-0500 (EST): /images/logoWhiteCrisp.png GET
Sun Dec 03 2017 22:43:08 GMT-0500 (EST): /images/logoutWhite.png GET
Sun Dec 03 2017 22:43:08 GMT-0500 (EST): /images/natureBackground.jpeg GET
Sun Dec 03 2017 22:43:56 GMT-0500 (EST): /loginForm POST
Sun Dec 03 2017 22:43:56 GMT-0500 (EST): /stylesheets/style.css GET
Sun Dec 03 2017 22:43:56 GMT-0500 (EST): /js/flow.js GET
Sun Dec 03 2017 22:43:56 GMT-0500 (EST): /images/logoWhiteCrisp.png GET
Sun Dec 03 2017 22:43:56 GMT-0500 (EST): /images/logoutWhite.png GET
Sun Dec 03 2017 22:43:56 GMT-0500 (EST): /images/doggoTealFilled.png GET
Sun Dec 03 2017 22:43:56 GMT-0500 (EST): /images/iconKid.svg GET
Sun Dec 03 2017 22:43:56 GMT-0500 (EST): /images/natureBackground.jpeg GET
Sun Dec 03 2017 22:43:56 GMT-0500 (EST): /images/thoughtBubble.png GET
Sun Dec 03 2017 22:49:01 GMT-0500 (EST): /loginForm POST
Sun Dec 03 2017 22:49:01 GMT-0500 (EST): /stylesheets/style.css GET
Sun Dec 03 2017 22:49:01 GMT-0500 (EST): /js/flow.js GET
Sun Dec 03 2017 22:49:01 GMT-0500 (EST): /images/logoWhiteCrisp.png GET
Sun Dec 03 2017 22:49:01 GMT-0500 (EST): /images/logoutWhite.png GET
Sun Dec 03 2017 22:49:01 GMT-0500 (EST): /images/doggoTealFilled.png GET
Sun Dec 03 2017 22:49:01 GMT-0500 (EST): /images/iconKid.svg GET
Sun Dec 03 2017 22:49:01 GMT-0500 (EST): /images/natureBackground.jpeg GET
Sun Dec 03 2017 22:49:01 GMT-0500 (EST): /images/thoughtBubble.png GET
Sun Dec 03 2017 22:49:01 GMT-0500 (EST): /images/favicons.ico/favicon-32x32.png GET
Sun Dec 03 2017 22:49:01 GMT-0500 (EST): /images/favicons.ico/favicon-16x16.png GET
Sun Dec 03 2017 22:49:01 GMT-0500 (EST): /images/favicons.ico/favicon-96x96.png GET
Sun Dec 03 2017 22:49:01 GMT-0500 (EST): /images/favicons.ico/android-icon-192x192.png GET
Sun Dec 03 2017 22:49:07 GMT-0500 (EST): / GET
Sun Dec 03 2017 22:49:07 GMT-0500 (EST): /stylesheets/frontpagestyle.css GET
Sun Dec 03 2017 22:49:07 GMT-0500 (EST): /images/logoWhiteCrisp.png GET
Sun Dec 03 2017 22:49:07 GMT-0500 (EST): /images/logoutWhite.png GET
Sun Dec 03 2017 22:49:07 GMT-0500 (EST): /images/natureBackground.jpeg GET
Sun Dec 03 2017 22:49:49 GMT-0500 (EST): /loginForm POST
Sun Dec 03 2017 22:49:50 GMT-0500 (EST): /stylesheets/style.css GET
Sun Dec 03 2017 22:49:50 GMT-0500 (EST): /js/flow.js GET
Sun Dec 03 2017 22:49:50 GMT-0500 (EST): /images/logoWhiteCrisp.png GET
Sun Dec 03 2017 22:49:50 GMT-0500 (EST): /images/logoutWhite.png GET
Sun Dec 03 2017 22:49:50 GMT-0500 (EST): /images/doggoTealFilled.png GET
Sun Dec 03 2017 22:49:50 GMT-0500 (EST): /images/iconKid.svg GET
Sun Dec 03 2017 22:49:50 GMT-0500 (EST): /images/natureBackground.jpeg GET
Sun Dec 03 2017 22:49:50 GMT-0500 (EST): /images/thoughtBubble.png GET
Sun Dec 03 2017 22:50:47 GMT-0500 (EST): / GET
Sun Dec 03 2017 22:50:47 GMT-0500 (EST): /stylesheets/frontpagestyle.css GET
Sun Dec 03 2017 22:50:47 GMT-0500 (EST): /images/logoWhiteCrisp.png GET
Sun Dec 03 2017 22:50:47 GMT-0500 (EST): /images/logoutWhite.png GET
Sun Dec 03 2017 22:50:47 GMT-0500 (EST): /images/natureBackground.jpeg GET
Mon Dec 04 2017 20:30:41 GMT-0500 (EST): / GET
Mon Dec 04 2017 20:30:41 GMT-0500 (EST): /stylesheets/frontpagestyle.css GET
Mon Dec 04 2017 20:30:41 GMT-0500 (EST): /images/logoWhiteCrisp.png GET
Mon Dec 04 2017 20:30:41 GMT-0500 (EST): /images/logoutWhite.png GET
Mon Dec 04 2017 20:30:41 GMT-0500 (EST): /images/natureBackground.jpeg GET
Mon Dec 04 2017 20:30:54 GMT-0500 (EST): /loginForm POST
Mon Dec 04 2017 20:30:54 GMT-0500 (EST): /stylesheets/style.css GET
Mon Dec 04 2017 20:30:54 GMT-0500 (EST): /js/flow.js GET
Mon Dec 04 2017 20:30:54 GMT-0500 (EST): /images/logoWhiteCrisp.png GET
Mon Dec 04 2017 20:30:54 GMT-0500 (EST): /images/logoutWhite.png GET
Mon Dec 04 2017 20:30:54 GMT-0500 (EST): /images/doggoTealFilled.png GET
Mon Dec 04 2017 20:30:54 GMT-0500 (EST): /images/iconKid.svg GET
Mon Dec 04 2017 20:30:54 GMT-0500 (EST): /images/natureBackground.jpeg GET
Mon Dec 04 2017 20:30:54 GMT-0500 (EST): /images/thoughtBubble.png GET
Sat Dec 09 2017 08:57:06 GMT-0500 (EST): / GET
Sat Dec 09 2017 08:57:06 GMT-0500 (EST): /stylesheets/frontpagestyle.css GET
Sat Dec 09 2017 08:57:06 GMT-0500 (EST): /images/logoWhiteCrisp.png GET
Sat Dec 09 2017 08:57:06 GMT-0500 (EST): /images/logoutWhite.png GET
Sat Dec 09 2017 08:57:07 GMT-0500 (EST): /images/natureBackground.jpeg GET
Sat Dec 09 2017 08:57:07 GMT-0500 (EST): /images/favicons.ico/favicon-32x32.png GET
Sat Dec 09 2017 08:57:07 GMT-0500 (EST): /images/favicons.ico/favicon-16x16.png GET
Sat Dec 09 2017 08:57:07 GMT-0500 (EST): /images/favicons.ico/favicon-96x96.png GET
Sat Dec 09 2017 08:57:07 GMT-0500 (EST): /images/favicons.ico/android-icon-192x192.png GET
Sat Dec 09 2017 09:07:44 GMT-0500 (EST): / GET
Sat Dec 09 2017 09:07:44 GMT-0500 (EST): /stylesheets/frontpagestyle.css GET
Sat Dec 09 2017 09:07:44 GMT-0500 (EST): /images/logoWhiteCrisp.png GET
Sat Dec 09 2017 09:07:44 GMT-0500 (EST): /images/logoutWhite.png GET
Sat Dec 09 2017 09:07:44 GMT-0500 (EST): /images/natureBackground.jpeg GET
Sat Dec 09 2017 09:07:44 GMT-0500 (EST): /images/favicons.ico/favicon-32x32.png GET
Sat Dec 09 2017 09:07:44 GMT-0500 (EST): /images/favicons.ico/favicon-16x16.png GET
Sat Dec 09 2017 09:07:44 GMT-0500 (EST): /images/favicons.ico/favicon-96x96.png GET
Sat Dec 09 2017 09:07:44 GMT-0500 (EST): /images/favicons.ico/android-icon-192x192.png GET
Sat Dec 09 2017 09:08:28 GMT-0500 (EST): /registerForm POST
Sat Dec 09 2017 09:18:45 GMT-0500 (EST): / GET
Sat Dec 09 2017 09:18:45 GMT-0500 (EST): /stylesheets/frontpagestyle.css GET
Sat Dec 09 2017 09:18:45 GMT-0500 (EST): /images/logoWhiteCrisp.png GET
Sat Dec 09 2017 09:18:45 GMT-0500 (EST): /images/logoutWhite.png GET
Sat Dec 09 2017 09:18:45 GMT-0500 (EST): /images/natureBackground.jpeg GET
Sat Dec 09 2017 09:19:47 GMT-0500 (EST): /registerForm POST
Sat Dec 09 2017 09:22:18 GMT-0500 (EST): / GET
Sat Dec 09 2017 09:22:19 GMT-0500 (EST): /stylesheets/frontpagestyle.css GET
Sat Dec 09 2017 09:22:19 GMT-0500 (EST): /images/logoWhiteCrisp.png GET
Sat Dec 09 2017 09:22:19 GMT-0500 (EST): /images/logoutWhite.png GET
Sat Dec 09 2017 09:22:19 GMT-0500 (EST): /images/natureBackground.jpeg GET
Sat Dec 09 2017 09:23:13 GMT-0500 (EST): /registerForm POST
Sat Dec 09 2017 09:23:13 GMT-0500 (EST): /stylesheets/style.css GET
Sat Dec 09 2017 09:23:13 GMT-0500 (EST): /js/flow.js GET
Sat Dec 09 2017 09:23:13 GMT-0500 (EST): /images/logoWhiteCrisp.png GET
Sat Dec 09 2017 09:23:13 GMT-0500 (EST): /images/logoutWhite.png GET
Sat Dec 09 2017 09:23:13 GMT-0500 (EST): /images/doggoTealFilled.png GET
Sat Dec 09 2017 09:23:13 GMT-0500 (EST): /images/iconKid.svg GET
Sat Dec 09 2017 09:23:14 GMT-0500 (EST): /images/natureBackground.jpeg GET
Sat Dec 09 2017 09:23:14 GMT-0500 (EST): /images/thoughtBubble.png GET
Sat Dec 09 2017 09:23:14 GMT-0500 (EST): /images/favicons.ico/favicon-32x32.png GET
Sat Dec 09 2017 09:23:14 GMT-0500 (EST): /images/favicons.ico/favicon-16x16.png GET
Sat Dec 09 2017 09:23:14 GMT-0500 (EST): /images/favicons.ico/favicon-96x96.png GET
Sat Dec 09 2017 09:23:14 GMT-0500 (EST): /images/favicons.ico/android-icon-192x192.png GET
Sat Dec 09 2017 09:24:12 GMT-0500 (EST): / GET
Sat Dec 09 2017 09:24:12 GMT-0500 (EST): /stylesheets/frontpagestyle.css GET
Sat Dec 09 2017 09:24:12 GMT-0500 (EST): /images/logoWhiteCrisp.png GET
Sat Dec 09 2017 09:24:12 GMT-0500 (EST): /images/logoutWhite.png GET
Sat Dec 09 2017 09:24:12 GMT-0500 (EST): /images/natureBackground.jpeg GET
Sat Dec 09 2017 09:24:46 GMT-0500 (EST): /registerForm POST
Sat Dec 09 2017 09:24:47 GMT-0500 (EST): /stylesheets/style.css GET
Sat Dec 09 2017 09:24:47 GMT-0500 (EST): /js/flow.js GET
Sat Dec 09 2017 09:24:47 GMT-0500 (EST): /images/logoWhiteCrisp.png GET
Sat Dec 09 2017 09:24:47 GMT-0500 (EST): /images/logoutWhite.png GET
Sat Dec 09 2017 09:24:47 GMT-0500 (EST): /images/doggoTealFilled.png GET
Sat Dec 09 2017 09:24:47 GMT-0500 (EST): /images/iconKid.svg GET
Sat Dec 09 2017 09:24:47 GMT-0500 (EST): /images/natureBackground.jpeg GET
Sat Dec 09 2017 09:24:47 GMT-0500 (EST): /images/thoughtBubble.png GET
Sat Dec 09 2017 09:37:07 GMT-0500 (EST): / GET
Sat Dec 09 2017 09:37:07 GMT-0500 (EST): /stylesheets/frontpagestyle.css GET
Sat Dec 09 2017 09:37:07 GMT-0500 (EST): /images/logoWhiteCrisp.png GET
Sat Dec 09 2017 09:37:07 GMT-0500 (EST): /images/logoutWhite.png GET
Sat Dec 09 2017 09:37:07 GMT-0500 (EST): /images/natureBackground.jpeg GET
Sat Dec 09 2017 09:37:20 GMT-0500 (EST): /loginForm POST
Sat Dec 09 2017 09:37:21 GMT-0500 (EST): /stylesheets/style.css GET
Sat Dec 09 2017 09:37:21 GMT-0500 (EST): /js/flow.js GET
Sat Dec 09 2017 09:37:21 GMT-0500 (EST): /images/logoWhiteCrisp.png GET
Sat Dec 09 2017 09:37:21 GMT-0500 (EST): /images/logoutWhite.png GET
Sat Dec 09 2017 09:37:21 GMT-0500 (EST): /images/doggoTealFilled.png GET
Sat Dec 09 2017 09:37:21 GMT-0500 (EST): /images/iconKid.svg GET
Sat Dec 09 2017 09:37:21 GMT-0500 (EST): /images/natureBackground.jpeg GET
Sat Dec 09 2017 09:37:21 GMT-0500 (EST): /images/thoughtBubble.png GET
Sat Dec 09 2017 09:37:41 GMT-0500 (EST): / GET
Sat Dec 09 2017 09:37:41 GMT-0500 (EST): /stylesheets/frontpagestyle.css GET
Sat Dec 09 2017 09:37:41 GMT-0500 (EST): /images/logoWhiteCrisp.png GET
Sat Dec 09 2017 09:37:41 GMT-0500 (EST): /images/logoutWhite.png GET
Sat Dec 09 2017 09:37:41 GMT-0500 (EST): /images/natureBackground.jpeg GET
Sat Dec 09 2017 09:37:55 GMT-0500 (EST): /loginForm POST
Sat Dec 09 2017 09:45:55 GMT-0500 (EST): / GET
Sat Dec 09 2017 09:45:55 GMT-0500 (EST): /stylesheets/frontpagestyle.css GET
Sat Dec 09 2017 09:45:55 GMT-0500 (EST): /images/logoWhiteCrisp.png GET
Sat Dec 09 2017 09:45:55 GMT-0500 (EST): /images/logoutWhite.png GET
Sat Dec 09 2017 09:45:55 GMT-0500 (EST): /images/natureBackground.jpeg GET
Sat Dec 09 2017 09:46:10 GMT-0500 (EST): /loginForm POST
Sat Dec 09 2017 09:46:10 GMT-0500 (EST): /stylesheets/style.css GET
Sat Dec 09 2017 09:46:10 GMT-0500 (EST): /js/flow.js GET
Sat Dec 09 2017 09:46:10 GMT-0500 (EST): /images/logoWhiteCrisp.png GET
Sat Dec 09 2017 09:46:10 GMT-0500 (EST): /images/logoutWhite.png GET
Sat Dec 09 2017 09:46:10 GMT-0500 (EST): /images/doggoTealFilled.png GET
Sat Dec 09 2017 09:46:10 GMT-0500 (EST): /%3C/div GET
Sat Dec 09 2017 09:46:10 GMT-0500 (EST): /images/natureBackground.jpeg GET
Sat Dec 09 2017 09:46:10 GMT-0500 (EST): /images/thoughtBubble.png GET
Sat Dec 09 2017 09:46:10 GMT-0500 (EST): /images/favicons.ico/favicon-32x32.png GET
Sat Dec 09 2017 09:46:10 GMT-0500 (EST): /images/favicons.ico/favicon-16x16.png GET
Sat Dec 09 2017 09:46:10 GMT-0500 (EST): /images/favicons.ico/favicon-96x96.png GET
Sat Dec 09 2017 09:46:10 GMT-0500 (EST): /images/favicons.ico/android-icon-192x192.png GET
Sat Dec 09 2017 09:46:32 GMT-0500 (EST): / GET
Sat Dec 09 2017 09:46:32 GMT-0500 (EST): /stylesheets/frontpagestyle.css GET
Sat Dec 09 2017 09:46:32 GMT-0500 (EST): /images/logoWhiteCrisp.png GET
Sat Dec 09 2017 09:46:32 GMT-0500 (EST): /images/logoutWhite.png GET
Sat Dec 09 2017 09:46:32 GMT-0500 (EST): /images/natureBackground.jpeg GET
Sat Dec 09 2017 09:46:43 GMT-0500 (EST): /loginForm POST
Sat Dec 09 2017 09:46:43 GMT-0500 (EST): /stylesheets/style.css GET
Sat Dec 09 2017 09:46:43 GMT-0500 (EST): /js/flow.js GET
Sat Dec 09 2017 09:46:43 GMT-0500 (EST): /images/logoWhiteCrisp.png GET
Sat Dec 09 2017 09:46:43 GMT-0500 (EST): /images/logoutWhite.png GET
Sat Dec 09 2017 09:46:43 GMT-0500 (EST): /images/doggoTealFilled.png GET
Sat Dec 09 2017 09:46:43 GMT-0500 (EST): /%3C/div GET
Sat Dec 09 2017 09:46:43 GMT-0500 (EST): /images/natureBackground.jpeg GET
Sat Dec 09 2017 09:46:43 GMT-0500 (EST): /images/thoughtBubble.png GET
Sat Dec 09 2017 09:46:57 GMT-0500 (EST): / GET
Sat Dec 09 2017 09:46:57 GMT-0500 (EST): /stylesheets/frontpagestyle.css GET
Sat Dec 09 2017 09:46:57 GMT-0500 (EST): /images/logoWhiteCrisp.png GET
Sat Dec 09 2017 09:46:57 GMT-0500 (EST): /images/logoutWhite.png GET
Sat Dec 09 2017 09:46:57 GMT-0500 (EST): /images/natureBackground.jpeg GET
Sat Dec 09 2017 09:47:59 GMT-0500 (EST): /loginForm POST
Sat Dec 09 2017 09:47:59 GMT-0500 (EST): /stylesheets/style.css GET
Sat Dec 09 2017 09:47:59 GMT-0500 (EST): /js/flow.js GET
Sat Dec 09 2017 09:47:59 GMT-0500 (EST): /images/logoWhiteCrisp.png GET
Sat Dec 09 2017 09:47:59 GMT-0500 (EST): /images/logoutWhite.png GET
Sat Dec 09 2017 09:47:59 GMT-0500 (EST): /images/doggoTealFilled.png GET
Sat Dec 09 2017 09:47:59 GMT-0500 (EST): /images/iconKid.svg GET
Sat Dec 09 2017 09:47:59 GMT-0500 (EST): /images/natureBackground.jpeg GET
Sat Dec 09 2017 09:47:59 GMT-0500 (EST): /images/thoughtBubble.png GET
Sat Dec 09 2017 09:48:04 GMT-0500 (EST): / GET
Sat Dec 09 2017 09:48:04 GMT-0500 (EST): /stylesheets/frontpagestyle.css GET
Sat Dec 09 2017 09:48:04 GMT-0500 (EST): /images/logoWhiteCrisp.png GET
Sat Dec 09 2017 09:48:04 GMT-0500 (EST): /images/logoutWhite.png GET
Sat Dec 09 2017 09:48:04 GMT-0500 (EST): /images/natureBackground.jpeg GET
Sat Dec 09 2017 09:48:14 GMT-0500 (EST): /loginForm POST
Sat Dec 09 2017 09:48:14 GMT-0500 (EST): /stylesheets/style.css GET
Sat Dec 09 2017 09:48:14 GMT-0500 (EST): /js/flow.js GET
Sat Dec 09 2017 09:48:14 GMT-0500 (EST): /images/logoWhiteCrisp.png GET
Sat Dec 09 2017 09:48:14 GMT-0500 (EST): /images/logoutWhite.png GET
Sat Dec 09 2017 09:48:14 GMT-0500 (EST): /images/doggoTealFilled.png GET
Sat Dec 09 2017 09:48:14 GMT-0500 (EST): /images/iconKid2.png GET
Sat Dec 09 2017 09:48:14 GMT-0500 (EST): /images/natureBackground.jpeg GET
Sat Dec 09 2017 09:48:14 GMT-0500 (EST): /images/thoughtBubble.png GET
Sat Dec 09 2017 09:48:51 GMT-0500 (EST): / GET
Sat Dec 09 2017 09:48:51 GMT-0500 (EST): /stylesheets/frontpagestyle.css GET
Sat Dec 09 2017 09:48:51 GMT-0500 (EST): /images/logoWhiteCrisp.png GET
Sat Dec 09 2017 09:48:51 GMT-0500 (EST): /images/logoutWhite.png GET
Sat Dec 09 2017 09:48:51 GMT-0500 (EST): /images/natureBackground.jpeg GET
Sat Dec 09 2017 09:49:02 GMT-0500 (EST): /loginForm POST
Sat Dec 09 2017 09:49:03 GMT-0500 (EST): /stylesheets/style.css GET
Sat Dec 09 2017 09:49:03 GMT-0500 (EST): /js/flow.js GET
Sat Dec 09 2017 09:49:03 GMT-0500 (EST): /images/logoWhiteCrisp.png GET
Sat Dec 09 2017 09:49:03 GMT-0500 (EST): /images/logoutWhite.png GET
Sat Dec 09 2017 09:49:03 GMT-0500 (EST): /images/doggoTealFilled.png GET
Sat Dec 09 2017 09:49:03 GMT-0500 (EST): /images/iconKid.svg GET
Sat Dec 09 2017 09:49:03 GMT-0500 (EST): /images/natureBackground.jpeg GET
Sat Dec 09 2017 09:49:03 GMT-0500 (EST): /images/thoughtBubble.png GET
Sat Dec 09 2017 09:49:13 GMT-0500 (EST): / GET
Sat Dec 09 2017 09:49:13 GMT-0500 (EST): /stylesheets/frontpagestyle.css GET
Sat Dec 09 2017 09:49:13 GMT-0500 (EST): /images/logoWhiteCrisp.png GET
Sat Dec 09 2017 09:49:13 GMT-0500 (EST): /images/logoutWhite.png GET
Sat Dec 09 2017 09:49:13 GMT-0500 (EST): /images/natureBackground.jpeg GET
Sat Dec 09 2017 09:56:17 GMT-0500 (EST): / GET
Sat Dec 09 2017 09:56:17 GMT-0500 (EST): /stylesheets/frontpagestyle.css GET
Sat Dec 09 2017 09:56:17 GMT-0500 (EST): /images/logoWhiteCrisp.png GET
Sat Dec 09 2017 09:56:17 GMT-0500 (EST): /images/logoutWhite.png GET
Sat Dec 09 2017 09:56:17 GMT-0500 (EST): /images/natureBackground.jpeg GET
Sat Dec 09 2017 09:56:40 GMT-0500 (EST): /stylesheets/frontpagestyle.css GET
Sat Dec 09 2017 10:02:49 GMT-0500 (EST): / GET
Sat Dec 09 2017 10:02:49 GMT-0500 (EST): /stylesheets/frontpagestyle.css GET
Sat Dec 09 2017 10:02:49 GMT-0500 (EST): /images/logoWhiteCrisp.png GET
Sat Dec 09 2017 10:02:49 GMT-0500 (EST): /images/logoutWhite.png GET
Sat Dec 09 2017 10:02:49 GMT-0500 (EST): /images/natureBackground.jpeg GET
Sat Dec 09 2017 10:03:45 GMT-0500 (EST): / GET
Sat Dec 09 2017 10:03:45 GMT-0500 (EST): /stylesheets/frontpagestyle.css GET
Sat Dec 09 2017 10:03:45 GMT-0500 (EST): /images/logoWhiteCrisp.png GET
Sat Dec 09 2017 10:03:45 GMT-0500 (EST): /images/logoutWhite.png GET
Sat Dec 09 2017 10:03:45 GMT-0500 (EST): /images/natureBackground.jpeg GET
Sat Dec 09 2017 10:04:11 GMT-0500 (EST): / GET
Sat Dec 09 2017 10:04:11 GMT-0500 (EST): /stylesheets/frontpagestyle.css GET
Sat Dec 09 2017 10:04:11 GMT-0500 (EST): /images/logoWhiteCrisp.png GET
Sat Dec 09 2017 10:04:11 GMT-0500 (EST): /images/logoutWhite.png GET
Sat Dec 09 2017 10:04:11 GMT-0500 (EST): /images/natureBackground.jpeg GET
Sat Dec 09 2017 10:06:58 GMT-0500 (EST): / GET
Sat Dec 09 2017 10:06:58 GMT-0500 (EST): /stylesheets/frontpagestyle.css GET
Sat Dec 09 2017 10:06:58 GMT-0500 (EST): /images/logoWhiteCrisp.png GET
Sat Dec 09 2017 10:06:58 GMT-0500 (EST): /images/logoutWhite.png GET
Sat Dec 09 2017 10:06:58 GMT-0500 (EST): /images/natureBackground.jpeg GET
Sat Dec 09 2017 10:06:58 GMT-0500 (EST): /images/favicons.ico/favicon-32x32.png GET
Sat Dec 09 2017 10:06:58 GMT-0500 (EST): /images/favicons.ico/favicon-16x16.png GET
Sat Dec 09 2017 10:06:58 GMT-0500 (EST): /images/favicons.ico/favicon-96x96.png GET
Sat Dec 09 2017 10:06:58 GMT-0500 (EST): /images/favicons.ico/android-icon-192x192.png GET
Sat Dec 09 2017 10:06:58 GMT-0500 (EST): /loginForm POST
Sat Dec 09 2017 10:06:58 GMT-0500 (EST): /stylesheets/style.css GET
Sat Dec 09 2017 10:06:58 GMT-0500 (EST): /js/flow.js GET
Sat Dec 09 2017 10:06:58 GMT-0500 (EST): /images/logoWhiteCrisp.png GET
Sat Dec 09 2017 10:06:58 GMT-0500 (EST): /images/logoutWhite.png GET
Sat Dec 09 2017 10:06:58 GMT-0500 (EST): /images/doggoTealFilled.png GET
Sat Dec 09 2017 10:06:58 GMT-0500 (EST): /images/iconKid2.png GET
Sat Dec 09 2017 10:06:58 GMT-0500 (EST): /images/natureBackground.jpeg GET
Sat Dec 09 2017 10:06:58 GMT-0500 (EST): /images/thoughtBubble.png GET
Sat Dec 09 2017 10:06:58 GMT-0500 (EST): / GET
Sat Dec 09 2017 10:06:58 GMT-0500 (EST): /stylesheets/frontpagestyle.css GET
Sat Dec 09 2017 10:06:58 GMT-0500 (EST): /images/logoWhiteCrisp.png GET
Sat Dec 09 2017 10:06:58 GMT-0500 (EST): /images/logoutWhite.png GET
Sat Dec 09 2017 10:06:58 GMT-0500 (EST): /images/natureBackground.jpeg GET
Sat Dec 09 2017 10:06:58 GMT-0500 (EST): /stylesheets/frontpagestyle.css GET
Sat Dec 09 2017 10:06:58 GMT-0500 (EST): / GET
Sat Dec 09 2017 10:06:58 GMT-0500 (EST): /stylesheets/frontpagestyle.css GET
Sat Dec 09 2017 10:06:58 GMT-0500 (EST): /images/logoWhiteCrisp.png GET
Sat Dec 09 2017 10:06:58 GMT-0500 (EST): /images/logoutWhite.png GET
Sat Dec 09 2017 10:06:58 GMT-0500 (EST): /images/natureBackground.jpeg GET
Sat Dec 09 2017 10:06:58 GMT-0500 (EST): / GET
Sat Dec 09 2017 10:06:58 GMT-0500 (EST): /stylesheets/frontpagestyle.css GET
Sat Dec 09 2017 10:06:58 GMT-0500 (EST): /images/logoWhiteCrisp.png GET
Sat Dec 09 2017 10:06:58 GMT-0500 (EST): /images/logoutWhite.png GET
Sat Dec 09 2017 10:06:58 GMT-0500 (EST): /images/natureBackground.jpeg GET
Sat Dec 09 2017 10:06:58 GMT-0500 (EST): /images/favicons.ico/favicon-32x32.png GET
Sat Dec 09 2017 10:06:58 GMT-0500 (EST): /images/favicons.ico/favicon-16x16.png GET
Sat Dec 09 2017 10:06:58 GMT-0500 (EST): /images/favicons.ico/favicon-96x96.png GET
Sat Dec 09 2017 10:06:58 GMT-0500 (EST): /images/favicons.ico/android-icon-192x192.png GET
Sat Dec 09 2017 10:06:58 GMT-0500 (EST): / GET
Sat Dec 09 2017 10:06:58 GMT-0500 (EST): /stylesheets/frontpagestyle.css GET
Sat Dec 09 2017 10:06:58 GMT-0500 (EST): /images/logoWhiteCrisp.png GET
Sat Dec 09 2017 10:06:58 GMT-0500 (EST): /images/logoutWhite.png GET
Sat Dec 09 2017 10:06:58 GMT-0500 (EST): /images/natureBackground.jpeg GET
Sat Dec 09 2017 10:13:48 GMT-0500 (EST): / GET
Sat Dec 09 2017 10:13:48 GMT-0500 (EST): /stylesheets/frontpagestyle.css GET
Sat Dec 09 2017 10:13:48 GMT-0500 (EST): /images/logoWhiteCrisp.png GET
Sat Dec 09 2017 10:13:48 GMT-0500 (EST): /images/logoutWhite.png GET
Sat Dec 09 2017 10:13:48 GMT-0500 (EST): /images/natureBackground.jpeg GET
Sat Dec 09 2017 10:13:48 GMT-0500 (EST): /loginForm POST
Sat Dec 09 2017 10:13:48 GMT-0500 (EST): /stylesheets/style.css GET
Sat Dec 09 2017 10:13:48 GMT-0500 (EST): /js/flow.js GET
Sat Dec 09 2017 10:13:48 GMT-0500 (EST): /images/logoWhiteCrisp.png GET
Sat Dec 09 2017 10:13:48 GMT-0500 (EST): /images/logoutWhite.png GET
Sat Dec 09 2017 10:13:48 GMT-0500 (EST): /images/doggoTealFilled.png GET
Sat Dec 09 2017 10:13:48 GMT-0500 (EST): /images/iconKid2.png GET
Sat Dec 09 2017 10:13:48 GMT-0500 (EST): /images/natureBackground.jpeg GET
Sat Dec 09 2017 10:13:48 GMT-0500 (EST): /images/thoughtBubble.png GET
Sat Dec 09 2017 10:13:48 GMT-0500 (EST): / GET
Sat Dec 09 2017 10:13:48 GMT-0500 (EST): /stylesheets/frontpagestyle.css GET
Sat Dec 09 2017 10:13:48 GMT-0500 (EST): /images/logoWhiteCrisp.png GET
Sat Dec 09 2017 10:13:48 GMT-0500 (EST): /images/logoutWhite.png GET
Sat Dec 09 2017 10:13:48 GMT-0500 (EST): /images/natureBackground.jpeg GET
Sat Dec 09 2017 10:13:48 GMT-0500 (EST): /loginForm POST
Sat Dec 09 2017 10:13:48 GMT-0500 (EST): /stylesheets/style.css GET
Sat Dec 09 2017 10:13:48 GMT-0500 (EST): /js/flow.js GET
Sat Dec 09 2017 10:13:48 GMT-0500 (EST): /images/logoWhiteCrisp.png GET
Sat Dec 09 2017 10:13:48 GMT-0500 (EST): /images/logoutWhite.png GET
Sat Dec 09 2017 10:13:48 GMT-0500 (EST): /images/doggoTealFilled.png GET
Sat Dec 09 2017 10:13:48 GMT-0500 (EST): /images/iconKid2.png GET
Sat Dec 09 2017 10:13:48 GMT-0500 (EST): /images/natureBackground.jpeg GET
Sat Dec 09 2017 10:13:48 GMT-0500 (EST): /images/thoughtBubble.png GET
Sat Dec 09 2017 10:13:48 GMT-0500 (EST): / GET
Sat Dec 09 2017 10:13:48 GMT-0500 (EST): /stylesheets/frontpagestyle.css GET
Sat Dec 09 2017 10:13:48 GMT-0500 (EST): /images/logoWhiteCrisp.png GET
Sat Dec 09 2017 10:13:48 GMT-0500 (EST): /images/logoutWhite.png GET
Sat Dec 09 2017 10:13:48 GMT-0500 (EST): /images/natureBackground.jpeg GET
Sun Dec 10 2017 10:30:26 GMT-0500 (EST): / GET
Sun Dec 10 2017 10:30:26 GMT-0500 (EST): /stylesheets/frontpagestyle.css GET
Sun Dec 10 2017 10:30:26 GMT-0500 (EST): /images/logoWhiteCrisp.png GET
Sun Dec 10 2017 10:30:26 GMT-0500 (EST): /images/logoutWhite.png GET
Sun Dec 10 2017 10:30:26 GMT-0500 (EST): /images/natureBackground.jpeg GET
Sun Dec 10 2017 10:30:26 GMT-0500 (EST): /images/favicons.ico/favicon-32x32.png GET
Sun Dec 10 2017 10:30:26 GMT-0500 (EST): /images/favicons.ico/favicon-16x16.png GET
Sun Dec 10 2017 10:30:26 GMT-0500 (EST): /images/favicons.ico/favicon-96x96.png GET
Sun Dec 10 2017 10:30:26 GMT-0500 (EST): /images/favicons.ico/android-icon-192x192.png GET
Sun Dec 10 2017 10:30:26 GMT-0500 (EST): /loginForm POST
Sun Dec 10 2017 10:30:26 GMT-0500 (EST): /stylesheets/style.css GET
Sun Dec 10 2017 10:30:26 GMT-0500 (EST): /js/flow.js GET
Sun Dec 10 2017 10:30:26 GMT-0500 (EST): /images/logoWhiteCrisp.png GET
Sun Dec 10 2017 10:30:26 GMT-0500 (EST): /images/logoutWhite.png GET
Sun Dec 10 2017 10:30:26 GMT-0500 (EST): /images/doggoTealFilled.png GET
Sun Dec 10 2017 10:30:26 GMT-0500 (EST): /images/iconKid2.png GET
Sun Dec 10 2017 10:30:26 GMT-0500 (EST): /images/natureBackground.jpeg GET
Sun Dec 10 2017 10:30:26 GMT-0500 (EST): /images/thoughtBubble.png GET
Sun Dec 10 2017 10:30:26 GMT-0500 (EST): /loginForm POST
Sun Dec 10 2017 10:30:26 GMT-0500 (EST): /stylesheets/style.css GET
Sun Dec 10 2017 10:30:26 GMT-0500 (EST): /js/flow.js GET
Sun Dec 10 2017 10:30:26 GMT-0500 (EST): /images/logoWhiteCrisp.png GET
Sun Dec 10 2017 10:30:26 GMT-0500 (EST): /images/logoutWhite.png GET
Sun Dec 10 2017 10:30:26 GMT-0500 (EST): /images/doggoTealFilled.png GET
Sun Dec 10 2017 10:30:26 GMT-0500 (EST): /images/iconKid2.png GET
Sun Dec 10 2017 10:30:26 GMT-0500 (EST): /images/natureBackground.jpeg GET
Sun Dec 10 2017 10:30:26 GMT-0500 (EST): /images/thoughtBubble.png GET
Sun Dec 10 2017 10:30:26 GMT-0500 (EST): /images/favicons.ico/favicon-32x32.png GET
Sun Dec 10 2017 10:30:26 GMT-0500 (EST): /images/favicons.ico/favicon-16x16.png GET
Sun Dec 10 2017 10:30:26 GMT-0500 (EST): /images/favicons.ico/favicon-96x96.png GET
Sun Dec 10 2017 10:30:26 GMT-0500 (EST): /images/favicons.ico/android-icon-192x192.png GET
Sun Dec 10 2017 10:30:26 GMT-0500 (EST): /stylesheets/style.css GET
Sun Dec 10 2017 18:44:10 GMT-0500 (EST): / GET
Sun Dec 10 2017 18:44:10 GMT-0500 (EST): /stylesheets/frontpagestyle.css GET
Sun Dec 10 2017 18:44:10 GMT-0500 (EST): /images/logoWhiteCrisp.png GET
Sun Dec 10 2017 18:44:10 GMT-0500 (EST): /images/logoutWhite.png GET
Sun Dec 10 2017 18:44:10 GMT-0500 (EST): /images/natureBackground.jpeg GET
Sun Dec 10 2017 18:44:10 GMT-0500 (EST): /images/favicons.ico/favicon-32x32.png GET
Sun Dec 10 2017 18:44:10 GMT-0500 (EST): /images/favicons.ico/favicon-16x16.png GET
Sun Dec 10 2017 18:44:10 GMT-0500 (EST): /images/favicons.ico/favicon-96x96.png GET
Sun Dec 10 2017 18:44:10 GMT-0500 (EST): /images/favicons.ico/android-icon-192x192.png GET
Sun Dec 10 2017 18:44:10 GMT-0500 (EST): /loginForm POST
Sun Dec 10 2017 18:44:10 GMT-0500 (EST): /stylesheets/style.css GET
Sun Dec 10 2017 18:44:10 GMT-0500 (EST): /js/flow.js GET
Sun Dec 10 2017 18:44:10 GMT-0500 (EST): /images/logoWhiteCrisp.png GET
Sun Dec 10 2017 18:44:10 GMT-0500 (EST): /images/logoutWhite.png GET
Sun Dec 10 2017 18:44:10 GMT-0500 (EST): /images/doggoTealFilled.png GET
Sun Dec 10 2017 18:44:10 GMT-0500 (EST): /images/iconKid2.png GET
Sun Dec 10 2017 18:44:10 GMT-0500 (EST): /images/natureBackground.jpeg GET
Sun Dec 10 2017 18:44:10 GMT-0500 (EST): /images/thoughtBubble.png GET
Sun Dec 10 2017 18:44:10 GMT-0500 (EST): /send POST
Sun Dec 10 2017 18:44:10 GMT-0500 (EST): /stylesheets/style.css GET
Sun Dec 10 2017 18:47:40 GMT-0500 (EST): /chatBot GET
Sun Dec 10 2017 18:47:40 GMT-0500 (EST): / GET
Sun Dec 10 2017 18:47:40 GMT-0500 (EST): /stylesheets/frontpagestyle.css GET
Sun Dec 10 2017 18:47:40 GMT-0500 (EST): /images/logoWhiteCrisp.png GET
Sun Dec 10 2017 18:47:40 GMT-0500 (EST): /images/logoutWhite.png GET
Sun Dec 10 2017 18:47:40 GMT-0500 (EST): /images/natureBackground.jpeg GET
Sun Dec 10 2017 18:47:40 GMT-0500 (EST): /loginForm POST
Sun Dec 10 2017 18:47:40 GMT-0500 (EST): /stylesheets/style.css GET
Sun Dec 10 2017 18:47:40 GMT-0500 (EST): /js/flow.js GET
Sun Dec 10 2017 18:47:40 GMT-0500 (EST): /images/logoWhiteCrisp.png GET
Sun Dec 10 2017 18:47:40 GMT-0500 (EST): /images/logoutWhite.png GET
Sun Dec 10 2017 18:47:40 GMT-0500 (EST): /images/doggoTealFilled.png GET
Sun Dec 10 2017 18:47:40 GMT-0500 (EST): /images/iconKid2.png GET
Sun Dec 10 2017 18:47:40 GMT-0500 (EST): /images/natureBackground.jpeg GET
Sun Dec 10 2017 18:47:40 GMT-0500 (EST): /images/thoughtBubble.png GET
Sun Dec 10 2017 18:47:40 GMT-0500 (EST): /send POST
Sun Dec 10 2017 18:50:13 GMT-0500 (EST): / GET
Sun Dec 10 2017 18:50:13 GMT-0500 (EST): /stylesheets/frontpagestyle.css GET
Sun Dec 10 2017 18:50:13 GMT-0500 (EST): /images/logoWhiteCrisp.png GET
Sun Dec 10 2017 18:50:13 GMT-0500 (EST): /images/logoutWhite.png GET
Sun Dec 10 2017 18:50:13 GMT-0500 (EST): /images/natureBackground.jpeg GET
Sun Dec 10 2017 18:50:13 GMT-0500 (EST): /loginForm POST
Sun Dec 10 2017 18:50:13 GMT-0500 (EST): /stylesheets/style.css GET
Sun Dec 10 2017 18:50:13 GMT-0500 (EST): /js/flow.js GET
Sun Dec 10 2017 18:50:13 GMT-0500 (EST): /images/logoWhiteCrisp.png GET
Sun Dec 10 2017 18:50:13 GMT-0500 (EST): /images/logoutWhite.png GET
Sun Dec 10 2017 18:50:13 GMT-0500 (EST): /images/doggoTealFilled.png GET
Sun Dec 10 2017 18:50:13 GMT-0500 (EST): /images/iconKid2.png GET
Sun Dec 10 2017 18:50:13 GMT-0500 (EST): /images/natureBackground.jpeg GET
Sun Dec 10 2017 18:50:13 GMT-0500 (EST): /images/thoughtBubble.png GET
Sun Dec 10 2017 18:50:13 GMT-0500 (EST): /send POST
Sun Dec 10 2017 18:53:55 GMT-0500 (EST): /loginForm POST
Sun Dec 10 2017 18:53:55 GMT-0500 (EST): /stylesheets/style.css GET
Sun Dec 10 2017 18:53:55 GMT-0500 (EST): /js/flow.js GET
Sun Dec 10 2017 18:53:55 GMT-0500 (EST): /images/logoWhiteCrisp.png GET
Sun Dec 10 2017 18:53:55 GMT-0500 (EST): /images/logoutWhite.png GET
Sun Dec 10 2017 18:53:55 GMT-0500 (EST): /images/doggoTealFilled.png GET
Sun Dec 10 2017 18:53:55 GMT-0500 (EST): /images/iconKid2.png GET
Sun Dec 10 2017 18:53:55 GMT-0500 (EST): /images/natureBackground.jpeg GET
Sun Dec 10 2017 18:53:55 GMT-0500 (EST): /images/thoughtBubble.png GET
Sun Dec 10 2017 18:53:55 GMT-0500 (EST): /send POST
Sun Dec 10 2017 18:55:15 GMT-0500 (EST): /loginForm POST
Sun Dec 10 2017 18:55:15 GMT-0500 (EST): /stylesheets/style.css GET
Sun Dec 10 2017 18:55:15 GMT-0500 (EST): /js/flow.js GET
Sun Dec 10 2017 18:55:15 GMT-0500 (EST): /images/logoWhiteCrisp.png GET
Sun Dec 10 2017 18:55:15 GMT-0500 (EST): /images/logoutWhite.png GET
Sun Dec 10 2017 18:55:15 GMT-0500 (EST): /images/doggoTealFilled.png GET
Sun Dec 10 2017 18:55:15 GMT-0500 (EST): /images/iconKid2.png GET
Sun Dec 10 2017 18:55:15 GMT-0500 (EST): /images/natureBackground.jpeg GET
Sun Dec 10 2017 18:55:15 GMT-0500 (EST): /images/thoughtBubble.png GET
Sun Dec 10 2017 18:55:15 GMT-0500 (EST): /send POST
Sun Dec 10 2017 18:55:15 GMT-0500 (EST): / GET
Sun Dec 10 2017 18:55:15 GMT-0500 (EST): /stylesheets/frontpagestyle.css GET
Sun Dec 10 2017 18:55:15 GMT-0500 (EST): /images/logoWhiteCrisp.png GET
Sun Dec 10 2017 18:55:15 GMT-0500 (EST): /images/logoutWhite.png GET
Sun Dec 10 2017 18:55:15 GMT-0500 (EST): /images/natureBackground.jpeg GET
Sun Dec 10 2017 18:55:15 GMT-0500 (EST): /loginForm POST
Sun Dec 10 2017 18:55:15 GMT-0500 (EST): /stylesheets/style.css GET
Sun Dec 10 2017 18:55:15 GMT-0500 (EST): /js/flow.js GET
Sun Dec 10 2017 18:55:15 GMT-0500 (EST): /images/logoWhiteCrisp.png GET
Sun Dec 10 2017 18:55:15 GMT-0500 (EST): /images/logoutWhite.png GET
Sun Dec 10 2017 18:55:15 GMT-0500 (EST): /images/doggoTealFilled.png GET
Sun Dec 10 2017 18:55:15 GMT-0500 (EST): /images/iconKid2.png GET
Sun Dec 10 2017 18:55:15 GMT-0500 (EST): /images/natureBackground.jpeg GET
Sun Dec 10 2017 18:55:15 GMT-0500 (EST): /images/thoughtBubble.png GET
Sun Dec 10 2017 18:55:15 GMT-0500 (EST): /send POST
Sun Dec 10 2017 18:59:27 GMT-0500 (EST): /loginForm POST
Sun Dec 10 2017 18:59:27 GMT-0500 (EST): /stylesheets/style.css GET
Sun Dec 10 2017 18:59:27 GMT-0500 (EST): /js/flow.js GET
Sun Dec 10 2017 18:59:27 GMT-0500 (EST): /images/logoWhiteCrisp.png GET
Sun Dec 10 2017 18:59:27 GMT-0500 (EST): /images/logoutWhite.png GET
Sun Dec 10 2017 18:59:27 GMT-0500 (EST): /images/doggoTealFilled.png GET
Sun Dec 10 2017 18:59:27 GMT-0500 (EST): /images/iconKid2.png GET
Sun Dec 10 2017 18:59:27 GMT-0500 (EST): /images/natureBackground.jpeg GET
Sun Dec 10 2017 18:59:27 GMT-0500 (EST): /images/thoughtBubble.png GET
Sun Dec 10 2017 18:59:27 GMT-0500 (EST): /send POST
Sun Dec 10 2017 19:00:13 GMT-0500 (EST): /loginForm POST
Sun Dec 10 2017 19:00:13 GMT-0500 (EST): /stylesheets/style.css GET
Sun Dec 10 2017 19:00:13 GMT-0500 (EST): /js/flow.js GET
Sun Dec 10 2017 19:00:13 GMT-0500 (EST): /images/logoWhiteCrisp.png GET
Sun Dec 10 2017 19:00:13 GMT-0500 (EST): /images/logoutWhite.png GET
Sun Dec 10 2017 19:00:13 GMT-0500 (EST): /images/doggoTealFilled.png GET
Sun Dec 10 2017 19:00:13 GMT-0500 (EST): /images/iconKid2.png GET
Sun Dec 10 2017 19:00:13 GMT-0500 (EST): /images/natureBackground.jpeg GET
Sun Dec 10 2017 19:00:13 GMT-0500 (EST): /images/thoughtBubble.png GET
Sun Dec 10 2017 19:00:13 GMT-0500 (EST): /send POST
Sun Dec 10 2017 19:02:44 GMT-0500 (EST): /loginForm POST
Sun Dec 10 2017 19:02:44 GMT-0500 (EST): /stylesheets/style.css GET
Sun Dec 10 2017 19:02:44 GMT-0500 (EST): /js/flow.js GET
Sun Dec 10 2017 19:02:44 GMT-0500 (EST): /images/logoWhiteCrisp.png GET
Sun Dec 10 2017 19:02:44 GMT-0500 (EST): /images/logoutWhite.png GET
Sun Dec 10 2017 19:02:44 GMT-0500 (EST): /images/doggoTealFilled.png GET
Sun Dec 10 2017 19:02:44 GMT-0500 (EST): /images/iconKid2.png GET
Sun Dec 10 2017 19:02:44 GMT-0500 (EST): /images/natureBackground.jpeg GET
Sun Dec 10 2017 19:02:44 GMT-0500 (EST): /images/thoughtBubble.png GET
Sun Dec 10 2017 19:02:44 GMT-0500 (EST): /loginForm POST
Sun Dec 10 2017 19:02:44 GMT-0500 (EST): /stylesheets/style.css GET
Sun Dec 10 2017 19:02:44 GMT-0500 (EST): /js/flow.js GET
Sun Dec 10 2017 19:02:44 GMT-0500 (EST): /images/logoWhiteCrisp.png GET
Sun Dec 10 2017 19:02:44 GMT-0500 (EST): /images/logoutWhite.png GET
Sun Dec 10 2017 19:02:44 GMT-0500 (EST): /images/doggoTealFilled.png GET
Sun Dec 10 2017 19:02:44 GMT-0500 (EST): /images/iconKid2.png GET
Sun Dec 10 2017 19:02:44 GMT-0500 (EST): /images/natureBackground.jpeg GET
Sun Dec 10 2017 19:02:44 GMT-0500 (EST): /images/thoughtBubble.png GET
Sun Dec 10 2017 19:07:35 GMT-0500 (EST): /loginForm POST
Sun Dec 10 2017 19:07:35 GMT-0500 (EST): /stylesheets/style.css GET
Sun Dec 10 2017 19:07:35 GMT-0500 (EST): /js/flow.js GET
Sun Dec 10 2017 19:07:35 GMT-0500 (EST): /images/logoWhiteCrisp.png GET
Sun Dec 10 2017 19:07:35 GMT-0500 (EST): /images/logoutWhite.png GET
Sun Dec 10 2017 19:07:35 GMT-0500 (EST): /images/doggoTealFilled.png GET
Sun Dec 10 2017 19:07:35 GMT-0500 (EST): /images/iconKid2.png GET
Sun Dec 10 2017 19:07:35 GMT-0500 (EST): /images/natureBackground.jpeg GET
Sun Dec 10 2017 19:07:35 GMT-0500 (EST): /images/thoughtBubble.png GET
Sun Dec 10 2017 19:07:35 GMT-0500 (EST): /send POST
Sun Dec 10 2017 19:12:07 GMT-0500 (EST): /loginForm POST
Sun Dec 10 2017 19:12:07 GMT-0500 (EST): /stylesheets/style.css GET
Sun Dec 10 2017 19:12:07 GMT-0500 (EST): /js/flow.js GET
Sun Dec 10 2017 19:12:07 GMT-0500 (EST): /images/logoWhiteCrisp.png GET
Sun Dec 10 2017 19:12:07 GMT-0500 (EST): /images/logoutWhite.png GET
Sun Dec 10 2017 19:12:07 GMT-0500 (EST): /images/doggoTealFilled.png GET
Sun Dec 10 2017 19:12:07 GMT-0500 (EST): /images/iconKid2.png GET
Sun Dec 10 2017 19:12:07 GMT-0500 (EST): /images/natureBackground.jpeg GET
Sun Dec 10 2017 19:12:07 GMT-0500 (EST): /images/thoughtBubble.png GET
Sun Dec 10 2017 19:12:07 GMT-0500 (EST): /send POST
Sun Dec 10 2017 19:12:48 GMT-0500 (EST): /loginForm POST
Sun Dec 10 2017 19:12:48 GMT-0500 (EST): /stylesheets/style.css GET
Sun Dec 10 2017 19:12:48 GMT-0500 (EST): /js/flow.js GET
Sun Dec 10 2017 19:12:48 GMT-0500 (EST): /images/logoWhiteCrisp.png GET
Sun Dec 10 2017 19:12:48 GMT-0500 (EST): /images/logoutWhite.png GET
Sun Dec 10 2017 19:12:48 GMT-0500 (EST): /images/doggoTealFilled.png GET
Sun Dec 10 2017 19:12:48 GMT-0500 (EST): /images/iconKid2.png GET
Sun Dec 10 2017 19:12:48 GMT-0500 (EST): /images/natureBackground.jpeg GET
Sun Dec 10 2017 19:12:48 GMT-0500 (EST): /images/thoughtBubble.png GET
Sun Dec 10 2017 19:12:48 GMT-0500 (EST): /send POST
Sun Dec 10 2017 19:13:48 GMT-0500 (EST): /loginForm POST
Sun Dec 10 2017 19:13:48 GMT-0500 (EST): /stylesheets/style.css GET
Sun Dec 10 2017 19:13:48 GMT-0500 (EST): /js/flow.js GET
Sun Dec 10 2017 19:13:48 GMT-0500 (EST): /images/logoWhiteCrisp.png GET
Sun Dec 10 2017 19:13:48 GMT-0500 (EST): /images/logoutWhite.png GET
Sun Dec 10 2017 19:13:48 GMT-0500 (EST): /images/doggoTealFilled.png GET
Sun Dec 10 2017 19:13:48 GMT-0500 (EST): /images/iconKid2.png GET
Sun Dec 10 2017 19:13:48 GMT-0500 (EST): /images/natureBackground.jpeg GET
Sun Dec 10 2017 19:13:48 GMT-0500 (EST): /images/thoughtBubble.png GET
Sun Dec 10 2017 19:13:48 GMT-0500 (EST): /send POST
Sun Dec 10 2017 19:13:48 GMT-0500 (EST): / GET
Sun Dec 10 2017 19:13:48 GMT-0500 (EST): /stylesheets/frontpagestyle.css GET
Sun Dec 10 2017 19:13:48 GMT-0500 (EST): /images/logoWhiteCrisp.png GET
Sun Dec 10 2017 19:13:48 GMT-0500 (EST): /images/logoutWhite.png GET
Sun Dec 10 2017 19:13:48 GMT-0500 (EST): /images/natureBackground.jpeg GET
Sun Dec 10 2017 19:18:05 GMT-0500 (EST): /loginForm POST
Sun Dec 10 2017 19:18:05 GMT-0500 (EST): /stylesheets/style.css GET
Sun Dec 10 2017 19:18:05 GMT-0500 (EST): /js/flow.js GET
Sun Dec 10 2017 19:18:05 GMT-0500 (EST): /images/logoWhiteCrisp.png GET
Sun Dec 10 2017 19:18:05 GMT-0500 (EST): /images/logoutWhite.png GET
Sun Dec 10 2017 19:18:05 GMT-0500 (EST): /images/doggoTealFilled.png GET
Sun Dec 10 2017 19:18:05 GMT-0500 (EST): /images/iconKid2.png GET
Sun Dec 10 2017 19:18:05 GMT-0500 (EST): /images/natureBackground.jpeg GET
Sun Dec 10 2017 19:18:05 GMT-0500 (EST): /images/thoughtBubble.png GET
Sun Dec 10 2017 19:18:05 GMT-0500 (EST): /send POST
Sun Dec 10 2017 19:18:05 GMT-0500 (EST): / GET
Sun Dec 10 2017 19:18:05 GMT-0500 (EST): /stylesheets/frontpagestyle.css GET
Sun Dec 10 2017 19:18:05 GMT-0500 (EST): /images/logoWhiteCrisp.png GET
Sun Dec 10 2017 19:18:05 GMT-0500 (EST): /images/logoutWhite.png GET
Sun Dec 10 2017 19:18:05 GMT-0500 (EST): /images/natureBackground.jpeg GET
Sun Dec 10 2017 19:19:16 GMT-0500 (EST): /loginForm POST
Sun Dec 10 2017 19:19:16 GMT-0500 (EST): /stylesheets/style.css GET
Sun Dec 10 2017 19:19:16 GMT-0500 (EST): /js/flow.js GET
Sun Dec 10 2017 19:19:16 GMT-0500 (EST): /images/logoWhiteCrisp.png GET
Sun Dec 10 2017 19:19:16 GMT-0500 (EST): /images/logoutWhite.png GET
Sun Dec 10 2017 19:19:16 GMT-0500 (EST): /images/doggoTealFilled.png GET
Sun Dec 10 2017 19:19:16 GMT-0500 (EST): /images/iconKid2.png GET
Sun Dec 10 2017 19:19:16 GMT-0500 (EST): /images/natureBackground.jpeg GET
Sun Dec 10 2017 19:19:16 GMT-0500 (EST): /images/thoughtBubble.png GET
Sun Dec 10 2017 19:19:16 GMT-0500 (EST): /send POST
Sun Dec 10 2017 19:19:16 GMT-0500 (EST): / GET
Sun Dec 10 2017 19:19:16 GMT-0500 (EST): /stylesheets/frontpagestyle.css GET
Sun Dec 10 2017 19:19:16 GMT-0500 (EST): /images/logoWhiteCrisp.png GET
Sun Dec 10 2017 19:19:16 GMT-0500 (EST): /images/logoutWhite.png GET
Sun Dec 10 2017 19:19:16 GMT-0500 (EST): /images/natureBackground.jpeg GET
Sun Dec 10 2017 19:27:16 GMT-0500 (EST): / GET
Sun Dec 10 2017 19:27:16 GMT-0500 (EST): /stylesheets/frontpagestyle.css GET
Sun Dec 10 2017 19:27:16 GMT-0500 (EST): /images/logoWhiteCrisp.png GET
Sun Dec 10 2017 19:27:16 GMT-0500 (EST): /images/logoutWhite.png GET
Sun Dec 10 2017 19:27:16 GMT-0500 (EST): /images/natureBackground.jpeg GET
Sun Dec 10 2017 19:27:16 GMT-0500 (EST): /loginForm POST
Sun Dec 10 2017 19:27:16 GMT-0500 (EST): /stylesheets/style.css GET
Sun Dec 10 2017 19:27:16 GMT-0500 (EST): /js/flow.js GET
Sun Dec 10 2017 19:27:16 GMT-0500 (EST): /images/logoWhiteCrisp.png GET
Sun Dec 10 2017 19:27:16 GMT-0500 (EST): /images/logoutWhite.png GET
Sun Dec 10 2017 19:27:16 GMT-0500 (EST): /images/doggoTealFilled.png GET
Sun Dec 10 2017 19:27:16 GMT-0500 (EST): /images/iconKid2.png GET
Sun Dec 10 2017 19:27:16 GMT-0500 (EST): /images/natureBackground.jpeg GET
Sun Dec 10 2017 19:27:16 GMT-0500 (EST): /images/thoughtBubble.png GET
Sun Dec 10 2017 19:27:16 GMT-0500 (EST): /send POST
Sun Dec 10 2017 19:27:16 GMT-0500 (EST): / GET
Sun Dec 10 2017 19:27:16 GMT-0500 (EST): /stylesheets/frontpagestyle.css GET
Sun Dec 10 2017 19:27:16 GMT-0500 (EST): /images/logoWhiteCrisp.png GET
Sun Dec 10 2017 19:27:16 GMT-0500 (EST): /images/logoutWhite.png GET
Sun Dec 10 2017 19:27:16 GMT-0500 (EST): /images/natureBackground.jpeg GET
Sun Dec 10 2017 19:29:59 GMT-0500 (EST): / GET
Sun Dec 10 2017 19:29:59 GMT-0500 (EST): /stylesheets/frontpagestyle.css GET
Sun Dec 10 2017 19:29:59 GMT-0500 (EST): /images/logoWhiteCrisp.png GET
Sun Dec 10 2017 19:29:59 GMT-0500 (EST): /images/logoutWhite.png GET
Sun Dec 10 2017 19:29:59 GMT-0500 (EST): /images/natureBackground.jpeg GET
Sun Dec 10 2017 19:29:59 GMT-0500 (EST): /loginForm POST
Sun Dec 10 2017 19:29:59 GMT-0500 (EST): /stylesheets/style.css GET
Sun Dec 10 2017 19:29:59 GMT-0500 (EST): /js/flow.js GET
Sun Dec 10 2017 19:29:59 GMT-0500 (EST): /images/logoWhiteCrisp.png GET
Sun Dec 10 2017 19:29:59 GMT-0500 (EST): /images/logoutWhite.png GET
Sun Dec 10 2017 19:29:59 GMT-0500 (EST): /images/doggoTealFilled.png GET
Sun Dec 10 2017 19:29:59 GMT-0500 (EST): /images/iconKid2.png GET
Sun Dec 10 2017 19:29:59 GMT-0500 (EST): /images/natureBackground.jpeg GET
Sun Dec 10 2017 19:29:59 GMT-0500 (EST): /images/thoughtBubble.png GET
Sun Dec 10 2017 19:29:59 GMT-0500 (EST): /send POST
Sun Dec 10 2017 19:32:20 GMT-0500 (EST): /loginForm POST
Sun Dec 10 2017 19:32:20 GMT-0500 (EST): /stylesheets/style.css GET
Sun Dec 10 2017 19:32:20 GMT-0500 (EST): /js/flow.js GET
Sun Dec 10 2017 19:32:20 GMT-0500 (EST): /images/logoWhiteCrisp.png GET
Sun Dec 10 2017 19:32:20 GMT-0500 (EST): /images/logoutWhite.png GET
Sun Dec 10 2017 19:32:20 GMT-0500 (EST): /images/doggoTealFilled.png GET
Sun Dec 10 2017 19:32:20 GMT-0500 (EST): /images/iconKid2.png GET
Sun Dec 10 2017 19:32:20 GMT-0500 (EST): /images/natureBackground.jpeg GET
Sun Dec 10 2017 19:32:20 GMT-0500 (EST): /images/thoughtBubble.png GET
Sun Dec 10 2017 19:32:20 GMT-0500 (EST): /send POST
Sun Dec 10 2017 19:33:54 GMT-0500 (EST): / GET
Sun Dec 10 2017 19:33:54 GMT-0500 (EST): /stylesheets/frontpagestyle.css GET
Sun Dec 10 2017 19:33:54 GMT-0500 (EST): /images/logoWhiteCrisp.png GET
Sun Dec 10 2017 19:33:54 GMT-0500 (EST): /images/logoutWhite.png GET
Sun Dec 10 2017 19:33:54 GMT-0500 (EST): /images/natureBackground.jpeg GET
Sun Dec 10 2017 19:33:54 GMT-0500 (EST): /loginForm POST
Sun Dec 10 2017 19:33:54 GMT-0500 (EST): /stylesheets/style.css GET
Sun Dec 10 2017 19:33:54 GMT-0500 (EST): /js/flow.js GET
Sun Dec 10 2017 19:33:54 GMT-0500 (EST): /images/logoWhiteCrisp.png GET
Sun Dec 10 2017 19:33:54 GMT-0500 (EST): /images/logoutWhite.png GET
Sun Dec 10 2017 19:33:54 GMT-0500 (EST): /images/doggoTealFilled.png GET
Sun Dec 10 2017 19:33:54 GMT-0500 (EST): /images/iconKid2.png GET
Sun Dec 10 2017 19:33:54 GMT-0500 (EST): /images/natureBackground.jpeg GET
Sun Dec 10 2017 19:33:54 GMT-0500 (EST): /images/thoughtBubble.png GET
Sun Dec 10 2017 19:33:54 GMT-0500 (EST): /send POST
Sun Dec 10 2017 19:37:20 GMT-0500 (EST): /loginForm POST
Sun Dec 10 2017 19:37:20 GMT-0500 (EST): /stylesheets/style.css GET
Sun Dec 10 2017 19:37:20 GMT-0500 (EST): /js/flow.js GET
Sun Dec 10 2017 19:37:20 GMT-0500 (EST): /images/logoWhiteCrisp.png GET
Sun Dec 10 2017 19:37:20 GMT-0500 (EST): /images/logoutWhite.png GET
Sun Dec 10 2017 19:37:20 GMT-0500 (EST): /images/doggoTealFilled.png GET
Sun Dec 10 2017 19:37:20 GMT-0500 (EST): /images/iconKid2.png GET
Sun Dec 10 2017 19:37:20 GMT-0500 (EST): /images/natureBackground.jpeg GET
Sun Dec 10 2017 19:37:20 GMT-0500 (EST): /images/thoughtBubble.png GET
Sun Dec 10 2017 19:37:20 GMT-0500 (EST): / GET
Sun Dec 10 2017 19:37:20 GMT-0500 (EST): /stylesheets/frontpagestyle.css GET
Sun Dec 10 2017 19:37:20 GMT-0500 (EST): /images/logoWhiteCrisp.png GET
Sun Dec 10 2017 19:37:20 GMT-0500 (EST): /images/logoutWhite.png GET
Sun Dec 10 2017 19:37:20 GMT-0500 (EST): /images/natureBackground.jpeg GET
Sun Dec 10 2017 19:37:20 GMT-0500 (EST): /loginForm POST
Sun Dec 10 2017 19:37:20 GMT-0500 (EST): /stylesheets/style.css GET
Sun Dec 10 2017 19:37:20 GMT-0500 (EST): /js/flow.js GET
Sun Dec 10 2017 19:37:20 GMT-0500 (EST): /images/logoWhiteCrisp.png GET
Sun Dec 10 2017 19:37:20 GMT-0500 (EST): /images/logoutWhite.png GET
Sun Dec 10 2017 19:37:20 GMT-0500 (EST): /images/doggoTealFilled.png GET
Sun Dec 10 2017 19:37:20 GMT-0500 (EST): /images/iconKid2.png GET
Sun Dec 10 2017 19:37:20 GMT-0500 (EST): /images/natureBackground.jpeg GET
Sun Dec 10 2017 19:37:20 GMT-0500 (EST): /images/thoughtBubble.png GET
Sun Dec 10 2017 19:37:20 GMT-0500 (EST): /send POST
Sun Dec 10 2017 19:37:20 GMT-0500 (EST): /loginForm POST
Sun Dec 10 2017 19:37:20 GMT-0500 (EST): /stylesheets/style.css GET
Sun Dec 10 2017 19:37:20 GMT-0500 (EST): /js/flow.js GET
Sun Dec 10 2017 19:37:20 GMT-0500 (EST): /images/logoWhiteCrisp.png GET
Sun Dec 10 2017 19:37:20 GMT-0500 (EST): /images/logoutWhite.png GET
Sun Dec 10 2017 19:37:20 GMT-0500 (EST): /images/doggoTealFilled.png GET
Sun Dec 10 2017 19:37:20 GMT-0500 (EST): /images/iconKid2.png GET
Sun Dec 10 2017 19:37:20 GMT-0500 (EST): /images/natureBackground.jpeg GET
Sun Dec 10 2017 19:37:20 GMT-0500 (EST): /images/thoughtBubble.png GET
Sun Dec 10 2017 19:38:47 GMT-0500 (EST): /loginForm POST
Sun Dec 10 2017 19:38:47 GMT-0500 (EST): /stylesheets/style.css GET
Sun Dec 10 2017 19:38:47 GMT-0500 (EST): /js/flow.js GET
Sun Dec 10 2017 19:38:47 GMT-0500 (EST): /images/logoWhiteCrisp.png GET
Sun Dec 10 2017 19:38:47 GMT-0500 (EST): /images/logoutWhite.png GET
Sun Dec 10 2017 19:38:47 GMT-0500 (EST): /images/doggoTealFilled.png GET
Sun Dec 10 2017 19:38:47 GMT-0500 (EST): /images/iconKid2.png GET
Sun Dec 10 2017 19:38:47 GMT-0500 (EST): /images/natureBackground.jpeg GET
Sun Dec 10 2017 19:38:47 GMT-0500 (EST): /images/thoughtBubble.png GET
Sun Dec 10 2017 19:38:47 GMT-0500 (EST): /send POST
Sun Dec 10 2017 19:39:24 GMT-0500 (EST): /loginForm POST
Sun Dec 10 2017 19:39:24 GMT-0500 (EST): /stylesheets/style.css GET
Sun Dec 10 2017 19:39:24 GMT-0500 (EST): /js/flow.js GET
Sun Dec 10 2017 19:39:24 GMT-0500 (EST): /images/logoWhiteCrisp.png GET
Sun Dec 10 2017 19:39:24 GMT-0500 (EST): /images/logoutWhite.png GET
Sun Dec 10 2017 19:39:24 GMT-0500 (EST): /images/doggoTealFilled.png GET
Sun Dec 10 2017 19:39:24 GMT-0500 (EST): /images/iconKid2.png GET
Sun Dec 10 2017 19:39:24 GMT-0500 (EST): /images/natureBackground.jpeg GET
Sun Dec 10 2017 19:39:24 GMT-0500 (EST): /images/thoughtBubble.png GET
Sun Dec 10 2017 19:39:24 GMT-0500 (EST): /send POST
Sun Dec 10 2017 19:40:06 GMT-0500 (EST): /loginForm POST
Sun Dec 10 2017 19:40:06 GMT-0500 (EST): /stylesheets/style.css GET
Sun Dec 10 2017 19:40:06 GMT-0500 (EST): /js/flow.js GET
Sun Dec 10 2017 19:40:06 GMT-0500 (EST): /images/logoWhiteCrisp.png GET
Sun Dec 10 2017 19:40:06 GMT-0500 (EST): /images/logoutWhite.png GET
Sun Dec 10 2017 19:40:06 GMT-0500 (EST): /images/doggoTealFilled.png GET
Sun Dec 10 2017 19:40:06 GMT-0500 (EST): /images/iconKid2.png GET
Sun Dec 10 2017 19:40:06 GMT-0500 (EST): /images/natureBackground.jpeg GET
Sun Dec 10 2017 19:40:06 GMT-0500 (EST): /images/thoughtBubble.png GET
Sun Dec 10 2017 19:40:06 GMT-0500 (EST): /send POST
Sun Dec 10 2017 19:40:06 GMT-0500 (EST): / GET
Sun Dec 10 2017 19:40:06 GMT-0500 (EST): /stylesheets/frontpagestyle.css GET
Sun Dec 10 2017 19:40:06 GMT-0500 (EST): /images/logoWhiteCrisp.png GET
Sun Dec 10 2017 19:40:06 GMT-0500 (EST): /images/logoutWhite.png GET
Sun Dec 10 2017 19:40:06 GMT-0500 (EST): /images/natureBackground.jpeg GET
Sun Dec 10 2017 19:41:23 GMT-0500 (EST): / GET
Sun Dec 10 2017 19:41:23 GMT-0500 (EST): /stylesheets/frontpagestyle.css GET
Sun Dec 10 2017 19:41:23 GMT-0500 (EST): /images/logoWhiteCrisp.png GET
Sun Dec 10 2017 19:41:23 GMT-0500 (EST): /images/logoutWhite.png GET
Sun Dec 10 2017 19:41:23 GMT-0500 (EST): /images/natureBackground.jpeg GET
Sun Dec 10 2017 19:41:23 GMT-0500 (EST): /loginForm POST
Sun Dec 10 2017 19:41:23 GMT-0500 (EST): /stylesheets/style.css GET
Sun Dec 10 2017 19:41:23 GMT-0500 (EST): /js/flow.js GET
Sun Dec 10 2017 19:41:23 GMT-0500 (EST): /images/logoWhiteCrisp.png GET
Sun Dec 10 2017 19:41:23 GMT-0500 (EST): /images/logoutWhite.png GET
Sun Dec 10 2017 19:41:23 GMT-0500 (EST): /images/doggoTealFilled.png GET
Sun Dec 10 2017 19:41:23 GMT-0500 (EST): /images/iconKid2.png GET
Sun Dec 10 2017 19:41:23 GMT-0500 (EST): /images/natureBackground.jpeg GET
Sun Dec 10 2017 19:41:23 GMT-0500 (EST): /images/thoughtBubble.png GET
Sun Dec 10 2017 19:41:23 GMT-0500 (EST): /send POST
Sun Dec 10 2017 19:42:00 GMT-0500 (EST): /loginForm POST
Sun Dec 10 2017 19:42:00 GMT-0500 (EST): /stylesheets/style.css GET
Sun Dec 10 2017 19:42:00 GMT-0500 (EST): /js/flow.js GET
Sun Dec 10 2017 19:42:00 GMT-0500 (EST): /images/logoWhiteCrisp.png GET
Sun Dec 10 2017 19:42:00 GMT-0500 (EST): /images/logoutWhite.png GET
Sun Dec 10 2017 19:42:00 GMT-0500 (EST): /images/doggoTealFilled.png GET
Sun Dec 10 2017 19:42:00 GMT-0500 (EST): /images/iconKid2.png GET
Sun Dec 10 2017 19:42:00 GMT-0500 (EST): /images/natureBackground.jpeg GET
Sun Dec 10 2017 19:42:00 GMT-0500 (EST): /images/thoughtBubble.png GET
Sun Dec 10 2017 19:42:00 GMT-0500 (EST): /send POST
Sun Dec 10 2017 19:42:00 GMT-0500 (EST): / GET
Sun Dec 10 2017 19:42:00 GMT-0500 (EST): /stylesheets/frontpagestyle.css GET
Sun Dec 10 2017 19:42:00 GMT-0500 (EST): /images/logoWhiteCrisp.png GET
Sun Dec 10 2017 19:42:00 GMT-0500 (EST): /images/logoutWhite.png GET
Sun Dec 10 2017 19:42:00 GMT-0500 (EST): /images/natureBackground.jpeg GET
Sun Dec 10 2017 19:43:34 GMT-0500 (EST): /loginForm POST
Sun Dec 10 2017 19:43:34 GMT-0500 (EST): /stylesheets/style.css GET
Sun Dec 10 2017 19:43:34 GMT-0500 (EST): /js/flow.js GET
Sun Dec 10 2017 19:43:34 GMT-0500 (EST): /images/logoWhiteCrisp.png GET
Sun Dec 10 2017 19:43:34 GMT-0500 (EST): /images/logoutWhite.png GET
Sun Dec 10 2017 19:43:34 GMT-0500 (EST): /images/doggoTealFilled.png GET
Sun Dec 10 2017 19:43:34 GMT-0500 (EST): /images/iconKid2.png GET
Sun Dec 10 2017 19:43:34 GMT-0500 (EST): /images/natureBackground.jpeg GET
Sun Dec 10 2017 19:43:34 GMT-0500 (EST): /images/thoughtBubble.png GET
Sun Dec 10 2017 19:43:34 GMT-0500 (EST): /send POST
Sun Dec 10 2017 19:43:34 GMT-0500 (EST): / GET
Sun Dec 10 2017 19:43:34 GMT-0500 (EST): /stylesheets/frontpagestyle.css GET
Sun Dec 10 2017 19:43:34 GMT-0500 (EST): /images/logoWhiteCrisp.png GET
Sun Dec 10 2017 19:43:34 GMT-0500 (EST): /images/logoutWhite.png GET
Sun Dec 10 2017 19:43:34 GMT-0500 (EST): /images/natureBackground.jpeg GET
Sun Dec 10 2017 19:46:04 GMT-0500 (EST): /loginForm POST
Sun Dec 10 2017 19:46:04 GMT-0500 (EST): /stylesheets/style.css GET
Sun Dec 10 2017 19:46:04 GMT-0500 (EST): /js/flow.js GET
Sun Dec 10 2017 19:46:04 GMT-0500 (EST): /images/logoWhiteCrisp.png GET
Sun Dec 10 2017 19:46:04 GMT-0500 (EST): /images/logoutWhite.png GET
Sun Dec 10 2017 19:46:04 GMT-0500 (EST): /images/doggoTealFilled.png GET
Sun Dec 10 2017 19:46:04 GMT-0500 (EST): /images/iconKid2.png GET
Sun Dec 10 2017 19:46:04 GMT-0500 (EST): /images/natureBackground.jpeg GET
Sun Dec 10 2017 19:46:04 GMT-0500 (EST): /images/thoughtBubble.png GET
Sun Dec 10 2017 19:46:04 GMT-0500 (EST): /send POST
Sun Dec 10 2017 19:50:20 GMT-0500 (EST): / GET
Sun Dec 10 2017 19:50:20 GMT-0500 (EST): /stylesheets/frontpagestyle.css GET
Sun Dec 10 2017 19:50:20 GMT-0500 (EST): /images/logoWhiteCrisp.png GET
Sun Dec 10 2017 19:50:20 GMT-0500 (EST): /images/logoutWhite.png GET
Sun Dec 10 2017 19:50:20 GMT-0500 (EST): /images/natureBackground.jpeg GET
Sun Dec 10 2017 19:50:20 GMT-0500 (EST): /loginForm POST
Sun Dec 10 2017 19:50:20 GMT-0500 (EST): /stylesheets/style.css GET
Sun Dec 10 2017 19:50:20 GMT-0500 (EST): /js/flow.js GET
Sun Dec 10 2017 19:50:20 GMT-0500 (EST): /images/logoWhiteCrisp.png GET
Sun Dec 10 2017 19:50:20 GMT-0500 (EST): /images/logoutWhite.png GET
Sun Dec 10 2017 19:50:20 GMT-0500 (EST): /images/doggoTealFilled.png GET
Sun Dec 10 2017 19:50:20 GMT-0500 (EST): /images/iconKid2.png GET
Sun Dec 10 2017 19:50:20 GMT-0500 (EST): /images/natureBackground.jpeg GET
Sun Dec 10 2017 19:50:20 GMT-0500 (EST): /images/thoughtBubble.png GET
Sun Dec 10 2017 19:50:20 GMT-0500 (EST): /send POST
Sun Dec 10 2017 19:50:20 GMT-0500 (EST): / GET
Sun Dec 10 2017 19:50:20 GMT-0500 (EST): /stylesheets/frontpagestyle.css GET
Sun Dec 10 2017 19:50:20 GMT-0500 (EST): /images/logoWhiteCrisp.png GET
Sun Dec 10 2017 19:50:20 GMT-0500 (EST): /images/logoutWhite.png GET
Sun Dec 10 2017 19:50:20 GMT-0500 (EST): /images/natureBackground.jpeg GET
Sun Dec 10 2017 19:53:55 GMT-0500 (EST): /registerForm POST
Sun Dec 10 2017 19:53:55 GMT-0500 (EST): /stylesheets/style.css GET
Sun Dec 10 2017 19:53:55 GMT-0500 (EST): /js/flow.js GET
Sun Dec 10 2017 19:53:55 GMT-0500 (EST): /images/logoWhiteCrisp.png GET
Sun Dec 10 2017 19:53:55 GMT-0500 (EST): /images/logoutWhite.png GET
Sun Dec 10 2017 19:53:55 GMT-0500 (EST): /images/doggoTealFilled.png GET
Sun Dec 10 2017 19:53:55 GMT-0500 (EST): /images/iconKid.svg GET
Sun Dec 10 2017 19:53:55 GMT-0500 (EST): /images/natureBackground.jpeg GET
Sun Dec 10 2017 19:53:55 GMT-0500 (EST): /images/thoughtBubble.png GET
Sun Dec 10 2017 19:53:55 GMT-0500 (EST): / GET
Sun Dec 10 2017 19:53:55 GMT-0500 (EST): /stylesheets/frontpagestyle.css GET
Sun Dec 10 2017 19:53:55 GMT-0500 (EST): /images/logoWhiteCrisp.png GET
Sun Dec 10 2017 19:53:55 GMT-0500 (EST): /images/logoutWhite.png GET
Sun Dec 10 2017 19:53:55 GMT-0500 (EST): /images/natureBackground.jpeg GET
Sun Dec 10 2017 19:53:55 GMT-0500 (EST): /loginForm POST
Sun Dec 10 2017 20:01:36 GMT-0500 (EST): / GET
Sun Dec 10 2017 20:01:36 GMT-0500 (EST): /stylesheets/frontpagestyle.css GET
Sun Dec 10 2017 20:01:36 GMT-0500 (EST): /images/logoWhiteCrisp.png GET
Sun Dec 10 2017 20:01:36 GMT-0500 (EST): /images/logoutWhite.png GET
Sun Dec 10 2017 20:01:36 GMT-0500 (EST): /images/natureBackground.jpeg GET
Sun Dec 10 2017 20:01:36 GMT-0500 (EST): /loginForm POST
Sun Dec 10 2017 20:02:44 GMT-0500 (EST): / GET
Sun Dec 10 2017 20:02:44 GMT-0500 (EST): /stylesheets/frontpagestyle.css GET
Sun Dec 10 2017 20:02:44 GMT-0500 (EST): /images/logoWhiteCrisp.png GET
Sun Dec 10 2017 20:02:44 GMT-0500 (EST): /images/logoutWhite.png GET
Sun Dec 10 2017 20:02:44 GMT-0500 (EST): /images/natureBackground.jpeg GET
Sun Dec 10 2017 20:02:44 GMT-0500 (EST): /loginForm POST
Sun Dec 10 2017 20:03:20 GMT-0500 (EST): / GET
Sun Dec 10 2017 20:03:20 GMT-0500 (EST): /stylesheets/frontpagestyle.css GET
Sun Dec 10 2017 20:03:20 GMT-0500 (EST): /images/logoWhiteCrisp.png GET
Sun Dec 10 2017 20:03:20 GMT-0500 (EST): /images/logoutWhite.png GET
Sun Dec 10 2017 20:03:20 GMT-0500 (EST): /images/natureBackground.jpeg GET
Sun Dec 10 2017 20:03:20 GMT-0500 (EST): /loginForm POST
Sun Dec 10 2017 20:04:21 GMT-0500 (EST): / GET
Sun Dec 10 2017 20:04:21 GMT-0500 (EST): /stylesheets/frontpagestyle.css GET
Sun Dec 10 2017 20:04:21 GMT-0500 (EST): /images/logoWhiteCrisp.png GET
Sun Dec 10 2017 20:04:21 GMT-0500 (EST): /images/logoutWhite.png GET
Sun Dec 10 2017 20:04:21 GMT-0500 (EST): /images/natureBackground.jpeg GET
Sun Dec 10 2017 20:04:21 GMT-0500 (EST): /loginForm POST
Sun Dec 10 2017 20:05:08 GMT-0500 (EST): / GET
Sun Dec 10 2017 20:05:08 GMT-0500 (EST): /stylesheets/frontpagestyle.css GET
Sun Dec 10 2017 20:05:08 GMT-0500 (EST): /images/logoWhiteCrisp.png GET
Sun Dec 10 2017 20:05:08 GMT-0500 (EST): /images/logoutWhite.png GET
Sun Dec 10 2017 20:05:08 GMT-0500 (EST): /images/natureBackground.jpeg GET
Sun Dec 10 2017 20:05:08 GMT-0500 (EST): /loginForm POST
Sun Dec 10 2017 20:05:08 GMT-0500 (EST): /stylesheets/frontpagestyle.css GET
Sun Dec 10 2017 20:05:08 GMT-0500 (EST): /images/logoWhiteCrisp.png GET
Sun Dec 10 2017 20:05:08 GMT-0500 (EST): /images/logoutWhite.png GET
Sun Dec 10 2017 20:05:08 GMT-0500 (EST): /images/natureBackground.jpeg GET
Sun Dec 10 2017 20:05:08 GMT-0500 (EST): /images/favicons.ico/favicon-32x32.png GET
Sun Dec 10 2017 20:05:08 GMT-0500 (EST): /images/favicons.ico/favicon-16x16.png GET
Sun Dec 10 2017 20:05:08 GMT-0500 (EST): /images/favicons.ico/favicon-96x96.png GET
Sun Dec 10 2017 20:05:08 GMT-0500 (EST): /images/favicons.ico/android-icon-192x192.png GET
Sun Dec 10 2017 20:05:08 GMT-0500 (EST): /loginForm POST
Sun Dec 10 2017 20:07:15 GMT-0500 (EST): / GET
Sun Dec 10 2017 20:07:15 GMT-0500 (EST): /stylesheets/frontpagestyle.css GET
Sun Dec 10 2017 20:07:15 GMT-0500 (EST): /images/logoWhiteCrisp.png GET
Sun Dec 10 2017 20:07:15 GMT-0500 (EST): /images/logoutWhite.png GET
Sun Dec 10 2017 20:07:15 GMT-0500 (EST): /images/natureBackground.jpeg GET
Sun Dec 10 2017 20:07:15 GMT-0500 (EST): /loginForm POST
Sun Dec 10 2017 20:07:15 GMT-0500 (EST): /stylesheets/style.css GET
Sun Dec 10 2017 20:07:15 GMT-0500 (EST): /js/flow.js GET
Sun Dec 10 2017 20:07:15 GMT-0500 (EST): /images/logoWhiteCrisp.png GET
Sun Dec 10 2017 20:07:15 GMT-0500 (EST): /images/logoutWhite.png GET
Sun Dec 10 2017 20:07:15 GMT-0500 (EST): /images/doggoTealFilled.png GET
Sun Dec 10 2017 20:07:15 GMT-0500 (EST): /images/iconKid2.png GET
Sun Dec 10 2017 20:07:15 GMT-0500 (EST): /images/natureBackground.jpeg GET
Sun Dec 10 2017 20:07:15 GMT-0500 (EST): /images/thoughtBubble.png GET
Sun Dec 10 2017 20:07:15 GMT-0500 (EST): / GET
Sun Dec 10 2017 20:07:15 GMT-0500 (EST): /stylesheets/frontpagestyle.css GET
Sun Dec 10 2017 20:07:15 GMT-0500 (EST): /images/logoWhiteCrisp.png GET
Sun Dec 10 2017 20:07:15 GMT-0500 (EST): /images/logoutWhite.png GET
Sun Dec 10 2017 20:07:15 GMT-0500 (EST): /images/natureBackground.jpeg GET
Sun Dec 10 2017 20:07:15 GMT-0500 (EST): /loginForm POST
Sun Dec 10 2017 20:10:48 GMT-0500 (EST): / GET
Sun Dec 10 2017 20:10:48 GMT-0500 (EST): /stylesheets/frontpagestyle.css GET
Sun Dec 10 2017 20:10:48 GMT-0500 (EST): /images/logoWhiteCrisp.png GET
Sun Dec 10 2017 20:10:48 GMT-0500 (EST): /images/logoutWhite.png GET
Sun Dec 10 2017 20:10:48 GMT-0500 (EST): /images/natureBackground.jpeg GET
Sun Dec 10 2017 20:10:48 GMT-0500 (EST): /loginForm POST
Sun Dec 10 2017 20:10:48 GMT-0500 (EST): /stylesheets/frontpagestyle.css GET
Sun Dec 10 2017 20:10:48 GMT-0500 (EST): /images/logoWhiteCrisp.png GET
Sun Dec 10 2017 20:10:48 GMT-0500 (EST): /images/logoutWhite.png GET
Sun Dec 10 2017 20:10:48 GMT-0500 (EST): /images/natureBackground.jpeg GET
Sun Dec 10 2017 20:10:48 GMT-0500 (EST): /loginForm POST
Sun Dec 10 2017 20:13:42 GMT-0500 (EST): / GET
Sun Dec 10 2017 20:13:42 GMT-0500 (EST): /stylesheets/frontpagestyle.css GET
Sun Dec 10 2017 20:13:42 GMT-0500 (EST): /images/logoWhiteCrisp.png GET
Sun Dec 10 2017 20:13:42 GMT-0500 (EST): /images/logoutWhite.png GET
Sun Dec 10 2017 20:13:42 GMT-0500 (EST): /images/natureBackground.jpeg GET
Sun Dec 10 2017 20:13:42 GMT-0500 (EST): /loginForm POST
Sun Dec 10 2017 20:14:36 GMT-0500 (EST): /loginForm POST
Sun Dec 10 2017 20:14:36 GMT-0500 (EST): / GET
Sun Dec 10 2017 20:14:36 GMT-0500 (EST): /stylesheets/frontpagestyle.css GET
Sun Dec 10 2017 20:14:36 GMT-0500 (EST): /images/logoWhiteCrisp.png GET
Sun Dec 10 2017 20:14:36 GMT-0500 (EST): /images/logoutWhite.png GET
Sun Dec 10 2017 20:14:36 GMT-0500 (EST): /images/natureBackground.jpeg GET
Sun Dec 10 2017 20:14:36 GMT-0500 (EST): /loginForm POST
Sun Dec 10 2017 20:14:36 GMT-0500 (EST): /stylesheets/frontpagestyle.css GET
Sun Dec 10 2017 20:14:36 GMT-0500 (EST): /images/logoWhiteCrisp.png GET
Sun Dec 10 2017 20:14:36 GMT-0500 (EST): /images/logoutWhite.png GET
Sun Dec 10 2017 20:14:36 GMT-0500 (EST): /images/natureBackground.jpeg GET
Sun Dec 10 2017 20:14:36 GMT-0500 (EST): /images/favicons.ico/favicon-32x32.png GET
Sun Dec 10 2017 20:14:36 GMT-0500 (EST): /images/favicons.ico/favicon-16x16.png GET
Sun Dec 10 2017 20:14:36 GMT-0500 (EST): /images/favicons.ico/favicon-96x96.png GET
Sun Dec 10 2017 20:14:36 GMT-0500 (EST): /images/favicons.ico/android-icon-192x192.png GET
Sun Dec 10 2017 20:14:36 GMT-0500 (EST): /loginForm POST
Sun Dec 10 2017 20:14:36 GMT-0500 (EST): /loginForm POST
Sun Dec 10 2017 20:14:36 GMT-0500 (EST): / GET
Sun Dec 10 2017 20:14:36 GMT-0500 (EST): /stylesheets/frontpagestyle.css GET
Sun Dec 10 2017 20:14:36 GMT-0500 (EST): /images/logoWhiteCrisp.png GET
Sun Dec 10 2017 20:14:36 GMT-0500 (EST): /images/logoutWhite.png GET
Sun Dec 10 2017 20:14:36 GMT-0500 (EST): /images/natureBackground.jpeg GET
Sun Dec 10 2017 20:14:36 GMT-0500 (EST): /loginForm POST
Sun Dec 10 2017 20:18:07 GMT-0500 (EST): / GET
Sun Dec 10 2017 20:18:07 GMT-0500 (EST): /stylesheets/frontpagestyle.css GET
Sun Dec 10 2017 20:18:07 GMT-0500 (EST): /images/logoWhiteCrisp.png GET
Sun Dec 10 2017 20:18:07 GMT-0500 (EST): /images/logoutWhite.png GET
Sun Dec 10 2017 20:18:07 GMT-0500 (EST): /images/natureBackground.jpeg GET
Sun Dec 10 2017 20:18:07 GMT-0500 (EST): /loginForm POST
Sun Dec 10 2017 20:18:07 GMT-0500 (EST): /stylesheets/frontpagestyle.css GET
Sun Dec 10 2017 20:18:07 GMT-0500 (EST): /images/logoWhiteCrisp.png GET
Sun Dec 10 2017 20:18:07 GMT-0500 (EST): /images/logoutWhite.png GET
Sun Dec 10 2017 20:18:07 GMT-0500 (EST): /images/natureBackground.jpeg GET
Sun Dec 10 2017 20:18:07 GMT-0500 (EST): /images/favicons.ico/favicon-32x32.png GET
Sun Dec 10 2017 20:18:07 GMT-0500 (EST): /images/favicons.ico/favicon-16x16.png GET
Sun Dec 10 2017 20:18:07 GMT-0500 (EST): /images/favicons.ico/favicon-96x96.png GET
Sun Dec 10 2017 20:18:07 GMT-0500 (EST): /images/favicons.ico/android-icon-192x192.png GET
Sun Dec 10 2017 20:18:07 GMT-0500 (EST): / GET
Sun Dec 10 2017 20:18:07 GMT-0500 (EST): /stylesheets/frontpagestyle.css GET
Sun Dec 10 2017 20:18:07 GMT-0500 (EST): /images/logoWhiteCrisp.png GET
Sun Dec 10 2017 20:18:07 GMT-0500 (EST): /images/logoutWhite.png GET
Sun Dec 10 2017 20:18:07 GMT-0500 (EST): /images/natureBackground.jpeg GET
Sun Dec 10 2017 20:18:07 GMT-0500 (EST): /loginForm POST
Sun Dec 10 2017 20:18:07 GMT-0500 (EST): /stylesheets/frontpagestyle.css GET
Sun Dec 10 2017 20:18:07 GMT-0500 (EST): /images/logoWhiteCrisp.png GET
Sun Dec 10 2017 20:18:07 GMT-0500 (EST): /images/logoutWhite.png GET
Sun Dec 10 2017 20:18:07 GMT-0500 (EST): /images/natureBackground.jpeg GET
Sun Dec 10 2017 20:18:07 GMT-0500 (EST): /loginForm POST
Sun Dec 10 2017 20:18:07 GMT-0500 (EST): /stylesheets/frontpagestyle.css GET
Sun Dec 10 2017 20:18:07 GMT-0500 (EST): /images/logoWhiteCrisp.png GET
Sun Dec 10 2017 20:18:07 GMT-0500 (EST): /images/logoutWhite.png GET
Sun Dec 10 2017 20:18:07 GMT-0500 (EST): /images/natureBackground.jpeg GET
Sun Dec 10 2017 20:18:07 GMT-0500 (EST): /loginForm POST
Sun Dec 10 2017 20:18:07 GMT-0500 (EST): /stylesheets/frontpagestyle.css GET
Sun Dec 10 2017 20:18:07 GMT-0500 (EST): /images/logoWhiteCrisp.png GET
Sun Dec 10 2017 20:18:07 GMT-0500 (EST): /images/logoutWhite.png GET
Sun Dec 10 2017 20:18:07 GMT-0500 (EST): /images/natureBackground.jpeg GET
Sun Dec 10 2017 20:18:07 GMT-0500 (EST): / GET
Sun Dec 10 2017 20:18:07 GMT-0500 (EST): /stylesheets/frontpagestyle.css GET
Sun Dec 10 2017 20:18:07 GMT-0500 (EST): /images/logoWhiteCrisp.png GET
Sun Dec 10 2017 20:18:07 GMT-0500 (EST): /images/logoutWhite.png GET
Sun Dec 10 2017 20:18:07 GMT-0500 (EST): /images/natureBackground.jpeg GET
Sun Dec 10 2017 20:18:07 GMT-0500 (EST): /loginForm POST
Sun Dec 10 2017 20:18:07 GMT-0500 (EST): /stylesheets/frontpagestyle.css GET
Sun Dec 10 2017 20:18:07 GMT-0500 (EST): /images/logoWhiteCrisp.png GET
Sun Dec 10 2017 20:18:07 GMT-0500 (EST): /images/logoutWhite.png GET
Sun Dec 10 2017 20:18:07 GMT-0500 (EST): /images/natureBackground.jpeg GET
Sun Dec 10 2017 20:18:07 GMT-0500 (EST): /loginForm POST
Sun Dec 10 2017 20:18:07 GMT-0500 (EST): /stylesheets/frontpagestyle.css GET
Sun Dec 10 2017 20:18:07 GMT-0500 (EST): /images/logoWhiteCrisp.png GET
Sun Dec 10 2017 20:18:07 GMT-0500 (EST): /images/logoutWhite.png GET
Sun Dec 10 2017 20:18:07 GMT-0500 (EST): /images/natureBackground.jpeg GET
Sun Dec 10 2017 20:18:07 GMT-0500 (EST): /loginForm POST
Sun Dec 10 2017 20:18:07 GMT-0500 (EST): /stylesheets/frontpagestyle.css GET
Sun Dec 10 2017 20:18:07 GMT-0500 (EST): /images/logoWhiteCrisp.png GET
Sun Dec 10 2017 20:18:07 GMT-0500 (EST): /images/logoutWhite.png GET
Sun Dec 10 2017 20:18:07 GMT-0500 (EST): /images/natureBackground.jpeg GET
Sun Dec 10 2017 20:18:07 GMT-0500 (EST): /loginForm POST
Sun Dec 10 2017 20:18:07 GMT-0500 (EST): /stylesheets/frontpagestyle.css GET
Sun Dec 10 2017 20:18:07 GMT-0500 (EST): /images/logoWhiteCrisp.png GET
Sun Dec 10 2017 20:18:07 GMT-0500 (EST): /images/logoutWhite.png GET
Sun Dec 10 2017 20:18:07 GMT-0500 (EST): /images/natureBackground.jpeg GET
Sun Dec 10 2017 20:18:07 GMT-0500 (EST): /loginForm POST
Sun Dec 10 2017 20:18:07 GMT-0500 (EST): /stylesheets/frontpagestyle.css GET
Sun Dec 10 2017 20:18:07 GMT-0500 (EST): /images/logoWhiteCrisp.png GET
Sun Dec 10 2017 20:18:07 GMT-0500 (EST): /images/logoutWhite.png GET
Sun Dec 10 2017 20:18:07 GMT-0500 (EST): /images/natureBackground.jpeg GET
Sun Dec 10 2017 20:18:07 GMT-0500 (EST): / GET
Sun Dec 10 2017 20:18:07 GMT-0500 (EST): /stylesheets/frontpagestyle.css GET
Sun Dec 10 2017 20:18:07 GMT-0500 (EST): /images/logoWhiteCrisp.png GET
Sun Dec 10 2017 20:18:07 GMT-0500 (EST): /images/logoutWhite.png GET
Sun Dec 10 2017 20:18:07 GMT-0500 (EST): /images/natureBackground.jpeg GET
Sun Dec 10 2017 20:18:07 GMT-0500 (EST): / GET
Sun Dec 10 2017 20:18:07 GMT-0500 (EST): /stylesheets/frontpagestyle.css GET
Sun Dec 10 2017 20:18:07 GMT-0500 (EST): /images/logoWhiteCrisp.png GET
Sun Dec 10 2017 20:18:07 GMT-0500 (EST): /images/logoutWhite.png GET
Sun Dec 10 2017 20:18:07 GMT-0500 (EST): /images/natureBackground.jpeg GET
Sun Dec 10 2017 20:18:07 GMT-0500 (EST): /images/favicons.ico/favicon-32x32.png GET
Sun Dec 10 2017 20:18:07 GMT-0500 (EST): /images/favicons.ico/favicon-16x16.png GET
Sun Dec 10 2017 20:18:07 GMT-0500 (EST): /images/favicons.ico/favicon-96x96.png GET
Sun Dec 10 2017 20:18:07 GMT-0500 (EST): /images/favicons.ico/android-icon-192x192.png GET
Sun Dec 10 2017 20:18:07 GMT-0500 (EST): /stylesheets/frontpagestyle.css GET
Sun Dec 10 2017 20:18:07 GMT-0500 (EST): /loginForm POST
Sun Dec 10 2017 20:18:07 GMT-0500 (EST): /stylesheets/style.css GET
Sun Dec 10 2017 20:18:07 GMT-0500 (EST): /js/flow.js GET
Sun Dec 10 2017 20:18:07 GMT-0500 (EST): /images/logoWhiteCrisp.png GET
Sun Dec 10 2017 20:18:07 GMT-0500 (EST): /images/logoutWhite.png GET
Sun Dec 10 2017 20:18:07 GMT-0500 (EST): /images/doggoTealFilled.png GET
Sun Dec 10 2017 20:18:07 GMT-0500 (EST): /images/iconKid2.png GET
Sun Dec 10 2017 20:18:07 GMT-0500 (EST): /images/natureBackground.jpeg GET
Sun Dec 10 2017 20:18:07 GMT-0500 (EST): /images/thoughtBubble.png GET
Sun Dec 10 2017 20:18:07 GMT-0500 (EST): /send POST
Sun Dec 10 2017 20:18:07 GMT-0500 (EST): / GET
Sun Dec 10 2017 20:18:07 GMT-0500 (EST): /stylesheets/frontpagestyle.css GET
Sun Dec 10 2017 20:18:07 GMT-0500 (EST): /images/logoWhiteCrisp.png GET
Sun Dec 10 2017 20:18:07 GMT-0500 (EST): /images/logoutWhite.png GET
Sun Dec 10 2017 20:18:07 GMT-0500 (EST): /images/natureBackground.jpeg GET
Sun Dec 10 2017 20:39:29 GMT-0500 (EST): / GET
Sun Dec 10 2017 20:39:29 GMT-0500 (EST): /stylesheets/frontpagestyle.css GET
Sun Dec 10 2017 20:39:29 GMT-0500 (EST): /images/logoWhiteCrisp.png GET
Sun Dec 10 2017 20:39:29 GMT-0500 (EST): /images/logoutWhite.png GET
Sun Dec 10 2017 20:39:29 GMT-0500 (EST): /images/natureBackground.jpeg GET
Sun Dec 10 2017 20:39:29 GMT-0500 (EST): /images/favicons.ico/favicon-32x32.png GET
Sun Dec 10 2017 20:39:29 GMT-0500 (EST): /images/favicons.ico/favicon-16x16.png GET
Sun Dec 10 2017 20:39:29 GMT-0500 (EST): /images/favicons.ico/favicon-96x96.png GET
Sun Dec 10 2017 20:39:29 GMT-0500 (EST): /images/favicons.ico/android-icon-192x192.png GET
Sun Dec 10 2017 20:39:29 GMT-0500 (EST): /loginForm POST
Sun Dec 10 2017 20:39:29 GMT-0500 (EST): /stylesheets/style.css GET
Sun Dec 10 2017 20:39:29 GMT-0500 (EST): /js/flow.js GET
Sun Dec 10 2017 20:39:29 GMT-0500 (EST): /images/logoWhiteCrisp.png GET
Sun Dec 10 2017 20:39:29 GMT-0500 (EST): /images/logoutWhite.png GET
Sun Dec 10 2017 20:39:29 GMT-0500 (EST): /images/doggoTealFilled.png GET
Sun Dec 10 2017 20:39:29 GMT-0500 (EST): /images/iconKid2.png GET
Sun Dec 10 2017 20:39:29 GMT-0500 (EST): /images/natureBackground.jpeg GET
Sun Dec 10 2017 20:39:29 GMT-0500 (EST): /images/thoughtBubble.png GET
Sun Dec 10 2017 20:40:57 GMT-0500 (EST): / GET
Sun Dec 10 2017 20:40:57 GMT-0500 (EST): /stylesheets/frontpagestyle.css GET
Sun Dec 10 2017 20:40:57 GMT-0500 (EST): /images/logoWhiteCrisp.png GET
Sun Dec 10 2017 20:40:57 GMT-0500 (EST): /images/logoutWhite.png GET
Sun Dec 10 2017 20:40:57 GMT-0500 (EST): /images/natureBackground.jpeg GET
Sun Dec 10 2017 20:40:57 GMT-0500 (EST): /loginForm POST
Sun Dec 10 2017 20:40:57 GMT-0500 (EST): /stylesheets/style.css GET
Sun Dec 10 2017 20:40:57 GMT-0500 (EST): /js/flow.js GET
Sun Dec 10 2017 20:40:57 GMT-0500 (EST): /images/logoWhiteCrisp.png GET
Sun Dec 10 2017 20:40:57 GMT-0500 (EST): /images/logoutWhite.png GET
Sun Dec 10 2017 20:40:57 GMT-0500 (EST): /images/doggoTealFilled.png GET
Sun Dec 10 2017 20:40:57 GMT-0500 (EST): /images/iconKid2.png GET
Sun Dec 10 2017 20:40:57 GMT-0500 (EST): /images/natureBackground.jpeg GET
Sun Dec 10 2017 20:40:57 GMT-0500 (EST): /images/thoughtBubble.png GET
Sun Dec 10 2017 20:42:25 GMT-0500 (EST): / GET
Sun Dec 10 2017 20:42:25 GMT-0500 (EST): /stylesheets/frontpagestyle.css GET
Sun Dec 10 2017 20:42:25 GMT-0500 (EST): /images/logoWhiteCrisp.png GET
Sun Dec 10 2017 20:42:25 GMT-0500 (EST): /images/logoutWhite.png GET
Sun Dec 10 2017 20:42:25 GMT-0500 (EST): /images/natureBackground.jpeg GET
Sun Dec 10 2017 20:42:25 GMT-0500 (EST): /loginForm POST
Sun Dec 10 2017 20:42:25 GMT-0500 (EST): /stylesheets/style.css GET
Sun Dec 10 2017 20:42:25 GMT-0500 (EST): /js/flow.js GET
Sun Dec 10 2017 20:42:25 GMT-0500 (EST): /images/logoWhiteCrisp.png GET
Sun Dec 10 2017 20:42:25 GMT-0500 (EST): /images/logoutWhite.png GET
Sun Dec 10 2017 20:42:25 GMT-0500 (EST): /images/doggoTealFilled.png GET
Sun Dec 10 2017 20:42:25 GMT-0500 (EST): /images/iconKid2.png GET
Sun Dec 10 2017 20:42:25 GMT-0500 (EST): /images/natureBackground.jpeg GET
Sun Dec 10 2017 20:42:25 GMT-0500 (EST): /images/thoughtBubble.png GET
Sun Dec 10 2017 20:45:51 GMT-0500 (EST): / GET
Sun Dec 10 2017 20:45:51 GMT-0500 (EST): /stylesheets/frontpagestyle.css GET
Sun Dec 10 2017 20:45:51 GMT-0500 (EST): /images/logoWhiteCrisp.png GET
Sun Dec 10 2017 20:45:51 GMT-0500 (EST): /images/logoutWhite.png GET
Sun Dec 10 2017 20:45:51 GMT-0500 (EST): /images/natureBackground.jpeg GET
Sun Dec 10 2017 20:45:51 GMT-0500 (EST): /loginForm POST
Sun Dec 10 2017 20:45:51 GMT-0500 (EST): /stylesheets/style.css GET
Sun Dec 10 2017 20:45:51 GMT-0500 (EST): /js/flow.js GET
Sun Dec 10 2017 20:45:51 GMT-0500 (EST): /images/logoWhiteCrisp.png GET
Sun Dec 10 2017 20:45:51 GMT-0500 (EST): /images/logoutWhite.png GET
Sun Dec 10 2017 20:45:51 GMT-0500 (EST): /images/doggoTealFilled.png GET
Sun Dec 10 2017 20:45:51 GMT-0500 (EST): /images/iconKid.svg GET
Sun Dec 10 2017 20:45:51 GMT-0500 (EST): /images/natureBackground.jpeg GET
Sun Dec 10 2017 20:45:51 GMT-0500 (EST): /images/thoughtBubble.png GET
Sun Dec 10 2017 20:47:03 GMT-0500 (EST): / GET
Sun Dec 10 2017 20:47:03 GMT-0500 (EST): /stylesheets/frontpagestyle.css GET
Sun Dec 10 2017 20:47:03 GMT-0500 (EST): /images/logoWhiteCrisp.png GET
Sun Dec 10 2017 20:47:03 GMT-0500 (EST): /images/logoutWhite.png GET
Sun Dec 10 2017 20:47:03 GMT-0500 (EST): /images/natureBackground.jpeg GET
